[ 2016-03-18T15:39:58+08:00 ] 127.0.0.1 /
INFO: [ app_init ] --START--
INFO: Run Behavior\BuildLiteBehavior [ RunTime:0.000000s ]
INFO: [ app_init ] --END-- [ RunTime:0.001000s ]
INFO: [ app_begin ] --START--
INFO: Run Behavior\ReadHtmlCacheBehavior [ RunTime:0.013001s ]
INFO: [ app_begin ] --END-- [ RunTime:0.030002s ]
INFO: [ view_parse ] --START--
INFO: [ template_filter ] --START--
INFO: Run Behavior\ContentReplaceBehavior [ RunTime:0.000000s ]
INFO: [ template_filter ] --END-- [ RunTime:0.000000s ]
INFO: Run Behavior\ParseTemplateBehavior [ RunTime:0.443026s ]
INFO: [ view_parse ] --END-- [ RunTime:0.443026s ]
INFO: [ view_filter ] --START--
INFO: Run Behavior\WriteHtmlCacheBehavior [ RunTime:0.026001s ]
INFO: Run Behavior\TokenBuildBehavior [ RunTime:0.011001s ]
INFO: [ view_filter ] --END-- [ RunTime:0.037002s ]
INFO: [ app_end ] --START--
INFO: Run Behavior\ShowPageTraceBehavior [ RunTime:0.007000s ]
INFO: [ app_end ] --END-- [ RunTime:0.007000s ]

[ 2016-03-18T15:39:59+08:00 ] 127.0.0.1 /Index/verify
INFO: [ app_init ] --START--
INFO: Run Behavior\BuildLiteBehavior [ RunTime:0.000000s ]
INFO: [ app_init ] --END-- [ RunTime:0.001000s ]
INFO: [ app_begin ] --START--
INFO: Run Behavior\ReadHtmlCacheBehavior [ RunTime:0.001000s ]
INFO: [ app_begin ] --END-- [ RunTime:0.001000s ]
INFO: [ app_end ] --START--
INFO: Run Behavior\ShowPageTraceBehavior [ RunTime:0.002001s ]
INFO: [ app_end ] --END-- [ RunTime:0.002001s ]

[ 2016-03-18T15:40:08+08:00 ] 127.0.0.1 /Index/checkLogin
INFO: [ app_init ] --START--
INFO: Run Behavior\BuildLiteBehavior [ RunTime:0.000000s ]
INFO: [ app_init ] --END-- [ RunTime:0.001000s ]
INFO: [ app_begin ] --START--
INFO: Run Behavior\ReadHtmlCacheBehavior [ RunTime:0.001001s ]
INFO: [ app_begin ] --END-- [ RunTime:0.001001s ]
INFO: [ view_parse ] --START--
INFO: [ template_filter ] --START--
INFO: Run Behavior\ContentReplaceBehavior [ RunTime:0.000000s ]
INFO: [ template_filter ] --END-- [ RunTime:0.001000s ]
INFO: Run Behavior\ParseTemplateBehavior [ RunTime:0.157009s ]
INFO: [ view_parse ] --END-- [ RunTime:0.157009s ]
INFO: [ view_filter ] --START--
INFO: Run Behavior\WriteHtmlCacheBehavior [ RunTime:0.001000s ]
INFO: Run Behavior\TokenBuildBehavior [ RunTime:0.000000s ]
INFO: [ view_filter ] --END-- [ RunTime:0.002000s ]

[ 2016-03-18T15:40:14+08:00 ] 127.0.0.1 /Index/verify?0.6572217426728457
INFO: [ app_init ] --START--
INFO: Run Behavior\BuildLiteBehavior [ RunTime:0.000000s ]
INFO: [ app_init ] --END-- [ RunTime:0.000000s ]
INFO: [ app_begin ] --START--
INFO: Run Behavior\ReadHtmlCacheBehavior [ RunTime:0.001000s ]
INFO: [ app_begin ] --END-- [ RunTime:0.002000s ]
INFO: [ app_end ] --START--
INFO: Run Behavior\ShowPageTraceBehavior [ RunTime:0.002000s ]
INFO: [ app_end ] --END-- [ RunTime:0.002000s ]

[ 2016-03-18T15:40:14+08:00 ] 127.0.0.1 /Index/verify?0.696424464462325
INFO: [ app_init ] --START--
INFO: Run Behavior\BuildLiteBehavior [ RunTime:0.000000s ]
INFO: [ app_init ] --END-- [ RunTime:0.000000s ]
INFO: [ app_begin ] --START--
INFO: Run Behavior\ReadHtmlCacheBehavior [ RunTime:0.001000s ]
INFO: [ app_begin ] --END-- [ RunTime:0.001000s ]
INFO: [ app_end ] --START--
INFO: Run Behavior\ShowPageTraceBehavior [ RunTime:0.001000s ]
INFO: [ app_end ] --END-- [ RunTime:0.001000s ]

[ 2016-03-18T15:40:15+08:00 ] 127.0.0.1 /Index/verify?0.47353076515719295
INFO: [ app_init ] --START--
INFO: Run Behavior\BuildLiteBehavior [ RunTime:0.000000s ]
INFO: [ app_init ] --END-- [ RunTime:0.000000s ]
INFO: [ app_begin ] --START--
INFO: Run Behavior\ReadHtmlCacheBehavior [ RunTime:0.001000s ]
INFO: [ app_begin ] --END-- [ RunTime:0.001000s ]
INFO: [ app_end ] --START--
INFO: Run Behavior\ShowPageTraceBehavior [ RunTime:0.001000s ]
INFO: [ app_end ] --END-- [ RunTime:0.001000s ]

[ 2016-03-18T15:40:15+08:00 ] 127.0.0.1 /Index/verify?0.8653892748989165
INFO: [ app_init ] --START--
INFO: Run Behavior\BuildLiteBehavior [ RunTime:0.000000s ]
INFO: [ app_init ] --END-- [ RunTime:0.000000s ]
INFO: [ app_begin ] --START--
INFO: Run Behavior\ReadHtmlCacheBehavior [ RunTime:0.001000s ]
INFO: [ app_begin ] --END-- [ RunTime:0.001000s ]
INFO: [ app_end ] --START--
INFO: Run Behavior\ShowPageTraceBehavior [ RunTime:0.001000s ]
INFO: [ app_end ] --END-- [ RunTime:0.001000s ]

[ 2016-03-18T15:40:25+08:00 ] 127.0.0.1 /Index/checkLogin
INFO: [ app_init ] --START--
INFO: Run Behavior\BuildLiteBehavior [ RunTime:0.000000s ]
INFO: [ app_init ] --END-- [ RunTime:0.001000s ]
INFO: [ app_begin ] --START--
INFO: Run Behavior\ReadHtmlCacheBehavior [ RunTime:0.000000s ]
INFO: [ app_begin ] --END-- [ RunTime:0.000000s ]
SQL: SHOW COLUMNS FROM `fecm_user` [ RunTime:0.9461s ]
SQL: SELECT * FROM `fecm_user` WHERE ( email = "158099591@qq.com" and password = "c56d0e9a7ccec67b4ea131655038d604" ) LIMIT 1   [ RunTime:0.0270s ]
INFO: [ view_parse ] --START--
INFO: [ template_filter ] --START--
INFO: Run Behavior\ContentReplaceBehavior [ RunTime:0.000000s ]
INFO: [ template_filter ] --END-- [ RunTime:0.000000s ]
INFO: Run Behavior\ParseTemplateBehavior [ RunTime:0.010000s ]
INFO: [ view_parse ] --END-- [ RunTime:0.010000s ]
INFO: [ view_filter ] --START--
INFO: Run Behavior\WriteHtmlCacheBehavior [ RunTime:0.001000s ]
INFO: Run Behavior\TokenBuildBehavior [ RunTime:0.001000s ]
INFO: [ view_filter ] --END-- [ RunTime:0.002000s ]
INFO: [ app_end ] --START--
INFO: Run Behavior\ShowPageTraceBehavior [ RunTime:0.001000s ]
INFO: [ app_end ] --END-- [ RunTime:0.001000s ]

[ 2016-03-18T15:40:28+08:00 ] 127.0.0.1 /Main
INFO: [ app_init ] --START--
INFO: Run Behavior\BuildLiteBehavior [ RunTime:0.000000s ]
INFO: [ app_init ] --END-- [ RunTime:0.001000s ]
INFO: [ app_begin ] --START--
INFO: Run Behavior\ReadHtmlCacheBehavior [ RunTime:0.000000s ]
INFO: [ app_begin ] --END-- [ RunTime:0.000000s ]
SQL: SHOW COLUMNS FROM `fecm_user` [ RunTime:0.0650s ]
SQL: SELECT * FROM `fecm_user` WHERE ( md5name = "f67541ff7112d31cdeb9c7dc1f6faaa2" ) LIMIT 1   [ RunTime:0.0000s ]
SQL: SHOW COLUMNS FROM `fecm_bugdata` [ RunTime:0.2380s ]
SQL: SELECT COUNT(*) AS tp_count FROM `fecm_bugdata` WHERE `time` LIKE '%2016-03-18%' LIMIT 1   [ RunTime:0.1610s ]
SQL: SELECT COUNT(*) AS tp_count FROM `fecm_bugdata` WHERE `time` LIKE '%2016-03-17%' LIMIT 1   [ RunTime:0.0000s ]
SQL: SELECT COUNT(*) AS tp_count FROM `fecm_bugdata` WHERE `time` LIKE '%2016-03-16%' LIMIT 1   [ RunTime:0.0010s ]
SQL: SELECT COUNT(*) AS tp_count FROM `fecm_bugdata` WHERE `time` LIKE '%2016-03-15%' LIMIT 1   [ RunTime:0.0000s ]
SQL: SELECT COUNT(*) AS tp_count FROM `fecm_bugdata` WHERE `time` LIKE '%2016-03-14%' LIMIT 1   [ RunTime:0.0000s ]
SQL: SELECT COUNT(*) AS tp_count FROM `fecm_bugdata` WHERE `time` LIKE '%2016-03-13%' LIMIT 1   [ RunTime:0.0000s ]
SQL: SELECT COUNT(*) AS tp_count FROM `fecm_bugdata` WHERE `time` LIKE '%2016-03-12%' LIMIT 1   [ RunTime:0.0000s ]
SQL: SELECT COUNT(*) AS tp_count FROM `fecm_bugdata` LIMIT 1   [ RunTime:0.0010s ]
INFO: [ view_parse ] --START--
INFO: [ template_filter ] --START--
INFO: Run Behavior\ContentReplaceBehavior [ RunTime:0.001000s ]
INFO: [ template_filter ] --END-- [ RunTime:0.001000s ]
INFO: Run Behavior\ParseTemplateBehavior [ RunTime:0.175010s ]
INFO: [ view_parse ] --END-- [ RunTime:0.175010s ]
INFO: [ view_filter ] --START--
INFO: Run Behavior\WriteHtmlCacheBehavior [ RunTime:0.001000s ]
INFO: Run Behavior\TokenBuildBehavior [ RunTime:0.002000s ]
INFO: [ view_filter ] --END-- [ RunTime:0.003000s ]
INFO: [ app_end ] --START--
INFO: Run Behavior\ShowPageTraceBehavior [ RunTime:0.002000s ]
INFO: [ app_end ] --END-- [ RunTime:0.003000s ]

[ 2016-03-18T15:40:36+08:00 ] 127.0.0.1 /Main
INFO: [ app_init ] --START--
INFO: Run Behavior\BuildLiteBehavior [ RunTime:0.000000s ]
INFO: [ app_init ] --END-- [ RunTime:0.000000s ]
INFO: [ app_begin ] --START--
INFO: Run Behavior\ReadHtmlCacheBehavior [ RunTime:0.001001s ]
INFO: [ app_begin ] --END-- [ RunTime:0.001001s ]
SQL: SHOW COLUMNS FROM `fecm_user` [ RunTime:0.0510s ]
SQL: SELECT * FROM `fecm_user` WHERE ( md5name = "f67541ff7112d31cdeb9c7dc1f6faaa2" ) LIMIT 1   [ RunTime:0.0010s ]
SQL: SHOW COLUMNS FROM `fecm_bugdata` [ RunTime:0.0060s ]
SQL: SELECT COUNT(*) AS tp_count FROM `fecm_bugdata` WHERE `time` LIKE '%2016-03-18%' LIMIT 1   [ RunTime:0.0010s ]
SQL: SELECT COUNT(*) AS tp_count FROM `fecm_bugdata` WHERE `time` LIKE '%2016-03-17%' LIMIT 1   [ RunTime:0.0010s ]
SQL: SELECT COUNT(*) AS tp_count FROM `fecm_bugdata` WHERE `time` LIKE '%2016-03-16%' LIMIT 1   [ RunTime:0.0010s ]
SQL: SELECT COUNT(*) AS tp_count FROM `fecm_bugdata` WHERE `time` LIKE '%2016-03-15%' LIMIT 1   [ RunTime:0.0000s ]
SQL: SELECT COUNT(*) AS tp_count FROM `fecm_bugdata` WHERE `time` LIKE '%2016-03-14%' LIMIT 1   [ RunTime:0.0010s ]
SQL: SELECT COUNT(*) AS tp_count FROM `fecm_bugdata` WHERE `time` LIKE '%2016-03-13%' LIMIT 1   [ RunTime:0.0000s ]
SQL: SELECT COUNT(*) AS tp_count FROM `fecm_bugdata` WHERE `time` LIKE '%2016-03-12%' LIMIT 1   [ RunTime:0.0000s ]
SQL: SELECT COUNT(*) AS tp_count FROM `fecm_bugdata` LIMIT 1   [ RunTime:0.0000s ]
INFO: [ view_parse ] --START--
INFO: [ template_filter ] --START--
INFO: Run Behavior\ContentReplaceBehavior [ RunTime:0.000000s ]
INFO: [ template_filter ] --END-- [ RunTime:0.000000s ]
INFO: Run Behavior\ParseTemplateBehavior [ RunTime:0.010001s ]
INFO: [ view_parse ] --END-- [ RunTime:0.010001s ]
INFO: [ view_filter ] --START--
INFO: Run Behavior\WriteHtmlCacheBehavior [ RunTime:0.001000s ]
INFO: Run Behavior\TokenBuildBehavior [ RunTime:0.000000s ]
INFO: [ view_filter ] --END-- [ RunTime:0.001000s ]
INFO: [ app_end ] --START--
INFO: Run Behavior\ShowPageTraceBehavior [ RunTime:0.001000s ]
INFO: [ app_end ] --END-- [ RunTime:0.001000s ]

[ 2016-03-18T15:40:38+08:00 ] 127.0.0.1 /Details
INFO: [ app_init ] --START--
INFO: Run Behavior\BuildLiteBehavior [ RunTime:0.000000s ]
INFO: [ app_init ] --END-- [ RunTime:0.001000s ]
INFO: [ app_begin ] --START--
INFO: Run Behavior\ReadHtmlCacheBehavior [ RunTime:0.001000s ]
INFO: [ app_begin ] --END-- [ RunTime:0.001000s ]
SQL: SHOW COLUMNS FROM `fecm_user` [ RunTime:0.0830s ]
SQL: SELECT * FROM `fecm_user` WHERE ( md5name = "f67541ff7112d31cdeb9c7dc1f6faaa2" ) LIMIT 1   [ RunTime:0.0010s ]
SQL: SHOW COLUMNS FROM `fecm_bugdata` [ RunTime:0.0040s ]
SQL: SELECT * FROM `fecm_bugdata` ORDER BY id desc  [ RunTime:0.0680s ]
INFO: [ view_parse ] --START--
INFO: [ template_filter ] --START--
INFO: Run Behavior\ContentReplaceBehavior [ RunTime:0.000000s ]
INFO: [ template_filter ] --END-- [ RunTime:0.000000s ]
INFO: Run Behavior\ParseTemplateBehavior [ RunTime:0.110006s ]
INFO: [ view_parse ] --END-- [ RunTime:0.110006s ]
INFO: [ view_filter ] --START--
INFO: Run Behavior\WriteHtmlCacheBehavior [ RunTime:0.000000s ]
INFO: Run Behavior\TokenBuildBehavior [ RunTime:0.001000s ]
INFO: [ view_filter ] --END-- [ RunTime:0.001000s ]
INFO: [ app_end ] --START--
INFO: Run Behavior\ShowPageTraceBehavior [ RunTime:0.001000s ]
INFO: [ app_end ] --END-- [ RunTime:0.001000s ]

[ 2016-03-18T15:40:43+08:00 ] 127.0.0.1 /Api/findVul/id/28
INFO: [ app_init ] --START--
INFO: Run Behavior\BuildLiteBehavior [ RunTime:0.000000s ]
INFO: [ app_init ] --END-- [ RunTime:0.001000s ]
INFO: [ app_begin ] --START--
INFO: Run Behavior\ReadHtmlCacheBehavior [ RunTime:0.001000s ]
INFO: [ app_begin ] --END-- [ RunTime:0.001000s ]
SQL: SHOW COLUMNS FROM `fecm_user` [ RunTime:0.0260s ]
SQL: SELECT * FROM `fecm_user` WHERE ( md5name = "f67541ff7112d31cdeb9c7dc1f6faaa2" ) LIMIT 1   [ RunTime:0.0000s ]
SQL: SHOW COLUMNS FROM `fecm_bugdata` [ RunTime:0.0080s ]
SQL: SELECT * FROM `fecm_bugdata` WHERE ( id = 28 ) LIMIT 1   [ RunTime:0.0980s ]
SQL: SELECT * FROM `fecm_bugdata` WHERE ( id = 28 ) LIMIT 1   [ RunTime:0.0010s ]

[ 2016-03-18T15:40:50+08:00 ] 127.0.0.1 /Api/findVul/id/28
INFO: [ app_init ] --START--
INFO: Run Behavior\BuildLiteBehavior [ RunTime:0.000000s ]
INFO: [ app_init ] --END-- [ RunTime:0.001000s ]
INFO: [ app_begin ] --START--
INFO: Run Behavior\ReadHtmlCacheBehavior [ RunTime:0.001000s ]
INFO: [ app_begin ] --END-- [ RunTime:0.001000s ]
SQL: SHOW COLUMNS FROM `fecm_user` [ RunTime:0.0080s ]
SQL: SELECT * FROM `fecm_user` WHERE ( md5name = "f67541ff7112d31cdeb9c7dc1f6faaa2" ) LIMIT 1   [ RunTime:0.0010s ]
SQL: SHOW COLUMNS FROM `fecm_bugdata` [ RunTime:0.0050s ]
SQL: SELECT * FROM `fecm_bugdata` WHERE ( id = 28 ) LIMIT 1   [ RunTime:0.0000s ]
SQL: SELECT * FROM `fecm_bugdata` WHERE ( id = 28 ) LIMIT 1   [ RunTime:0.0000s ]

[ 2016-03-18T15:40:57+08:00 ] 127.0.0.1 /Api/findVul/id/28
INFO: [ app_init ] --START--
INFO: Run Behavior\BuildLiteBehavior [ RunTime:0.000000s ]
INFO: [ app_init ] --END-- [ RunTime:0.001000s ]
INFO: [ app_begin ] --START--
INFO: Run Behavior\ReadHtmlCacheBehavior [ RunTime:0.002000s ]
INFO: [ app_begin ] --END-- [ RunTime:0.002000s ]
SQL: SHOW COLUMNS FROM `fecm_user` [ RunTime:0.0090s ]
SQL: SELECT * FROM `fecm_user` WHERE ( md5name = "f67541ff7112d31cdeb9c7dc1f6faaa2" ) LIMIT 1   [ RunTime:0.0010s ]
SQL: SHOW COLUMNS FROM `fecm_bugdata` [ RunTime:0.0090s ]
SQL: SELECT * FROM `fecm_bugdata` WHERE ( id = 28 ) LIMIT 1   [ RunTime:0.0010s ]
SQL: SELECT * FROM `fecm_bugdata` WHERE ( id = 28 ) LIMIT 1   [ RunTime:0.0010s ]

[ 2016-03-18T15:41:15+08:00 ] 127.0.0.1 /Api/findVul/id/28
INFO: [ app_init ] --START--
INFO: Run Behavior\BuildLiteBehavior [ RunTime:0.000000s ]
INFO: [ app_init ] --END-- [ RunTime:0.001001s ]
INFO: [ app_begin ] --START--
INFO: Run Behavior\ReadHtmlCacheBehavior [ RunTime:0.001000s ]
INFO: [ app_begin ] --END-- [ RunTime:0.002000s ]
SQL: SHOW COLUMNS FROM `fecm_user` [ RunTime:0.0060s ]
SQL: SELECT * FROM `fecm_user` WHERE ( md5name = "f67541ff7112d31cdeb9c7dc1f6faaa2" ) LIMIT 1   [ RunTime:0.0010s ]
SQL: SHOW COLUMNS FROM `fecm_bugdata` [ RunTime:0.0070s ]
SQL: SELECT * FROM `fecm_bugdata` WHERE ( id = 28 ) LIMIT 1   [ RunTime:0.0010s ]
SQL: SELECT * FROM `fecm_bugdata` WHERE ( id = 28 ) LIMIT 1   [ RunTime:0.0000s ]

[ 2016-03-18T15:49:46+08:00 ] 127.0.0.1 /Api/addVul/category/1
INFO: [ app_init ] --START--
INFO: Run Behavior\BuildLiteBehavior [ RunTime:0.000000s ]
INFO: [ app_init ] --END-- [ RunTime:0.001000s ]
INFO: [ app_begin ] --START--
INFO: Run Behavior\ReadHtmlCacheBehavior [ RunTime:0.001000s ]
INFO: [ app_begin ] --END-- [ RunTime:0.002000s ]
NOTIC: [8] Undefined index: HTTP_X_FORWARDED_FOR E:\WWW\fecm\Application\Home\Controller\ApiController.class.php 第 106 行.
NOTIC: [8] Undefined index: HTTP_CLIENT_IP E:\WWW\fecm\Application\Home\Controller\ApiController.class.php 第 111 行.
NOTIC: [8] Undefined index: cookies E:\WWW\fecm\Application\Home\Controller\ApiController.class.php 第 119 行.
SQL: SHOW COLUMNS FROM `fecm_bugdata` [ RunTime:0.0110s ]
SQL: INSERT INTO `fecm_bugdata` (`category`,`hxff_ip`,`hci_ip`,`ra_ip`,`cookies`,`url`,`ua`,`time`,`fixes`) VALUES ('触发alret函数','攻击者没有通过代理服务器访问','攻击者数据包头部没有HTTP_CLIENT_IP','127.0.0.1','pgv_pvi=8669731840; PHPSESSID=o5oo44m6agllq4r88p2odpjel4; FECM_uid=f67541ff7112d31cdeb9c7dc1f6faaa2; FECM_flag=c5541ff7e9a7ccff7112d7ccec67b4eaa131655038d6045038dc1969e52d364c58d364c58; ','https://www.baidu.com/s?ie=UTF-8&amp;wd=category','Mozilla/5.0 (Windows NT 6.1; WOW64) AppleWebKit/537.36 (KHTML, like Gecko) Chrome/46.0.2490.86 Safari/537.36','2016-03-18','0') [ RunTime:0.0040s ]
INFO: [ app_end ] --START--
INFO: Run Behavior\ShowPageTraceBehavior [ RunTime:0.002000s ]
INFO: [ app_end ] --END-- [ RunTime:0.002000s ]

[ 2016-03-18T15:49:49+08:00 ] 127.0.0.1 /Details
INFO: [ app_init ] --START--
INFO: Run Behavior\BuildLiteBehavior [ RunTime:0.000000s ]
INFO: [ app_init ] --END-- [ RunTime:0.001000s ]
INFO: [ app_begin ] --START--
INFO: Run Behavior\ReadHtmlCacheBehavior [ RunTime:0.001000s ]
INFO: [ app_begin ] --END-- [ RunTime:0.001000s ]
SQL: SHOW COLUMNS FROM `fecm_user` [ RunTime:0.0060s ]
SQL: SELECT * FROM `fecm_user` WHERE ( md5name = "f67541ff7112d31cdeb9c7dc1f6faaa2" ) LIMIT 1   [ RunTime:0.0000s ]
SQL: SHOW COLUMNS FROM `fecm_bugdata` [ RunTime:0.0040s ]
SQL: SELECT * FROM `fecm_bugdata` ORDER BY id desc  [ RunTime:0.0020s ]
INFO: [ view_parse ] --START--
INFO: [ template_filter ] --START--
INFO: Run Behavior\ContentReplaceBehavior [ RunTime:0.000000s ]
INFO: [ template_filter ] --END-- [ RunTime:0.000000s ]
INFO: Run Behavior\ParseTemplateBehavior [ RunTime:0.014001s ]
INFO: [ view_parse ] --END-- [ RunTime:0.014001s ]
INFO: [ view_filter ] --START--
INFO: Run Behavior\WriteHtmlCacheBehavior [ RunTime:0.000000s ]
INFO: Run Behavior\TokenBuildBehavior [ RunTime:0.001000s ]
INFO: [ view_filter ] --END-- [ RunTime:0.001000s ]
INFO: [ app_end ] --START--
INFO: Run Behavior\ShowPageTraceBehavior [ RunTime:0.001000s ]
INFO: [ app_end ] --END-- [ RunTime:0.001000s ]

[ 2016-03-18T15:49:52+08:00 ] 127.0.0.1 /Api/findVul/id/29
INFO: [ app_init ] --START--
INFO: Run Behavior\BuildLiteBehavior [ RunTime:0.000000s ]
INFO: [ app_init ] --END-- [ RunTime:0.001000s ]
INFO: [ app_begin ] --START--
INFO: Run Behavior\ReadHtmlCacheBehavior [ RunTime:0.001000s ]
INFO: [ app_begin ] --END-- [ RunTime:0.001000s ]
SQL: SHOW COLUMNS FROM `fecm_user` [ RunTime:0.0100s ]
SQL: SELECT * FROM `fecm_user` WHERE ( md5name = "f67541ff7112d31cdeb9c7dc1f6faaa2" ) LIMIT 1   [ RunTime:0.0010s ]
SQL: SHOW COLUMNS FROM `fecm_bugdata` [ RunTime:0.0040s ]
SQL: SELECT * FROM `fecm_bugdata` WHERE ( id = 29 ) LIMIT 1   [ RunTime:0.0000s ]
SQL: SELECT * FROM `fecm_bugdata` WHERE ( id = 29 ) LIMIT 1   [ RunTime:0.0010s ]

[ 2016-03-18T15:51:41+08:00 ] 127.0.0.1 /Details
INFO: [ app_init ] --START--
INFO: Run Behavior\BuildLiteBehavior [ RunTime:0.000000s ]
INFO: [ app_init ] --END-- [ RunTime:0.000000s ]
INFO: [ app_begin ] --START--
INFO: Run Behavior\ReadHtmlCacheBehavior [ RunTime:0.001000s ]
INFO: [ app_begin ] --END-- [ RunTime:0.001000s ]
SQL: SHOW COLUMNS FROM `fecm_user` [ RunTime:0.0060s ]
SQL: SELECT * FROM `fecm_user` WHERE ( md5name = "f67541ff7112d31cdeb9c7dc1f6faaa2" ) LIMIT 1   [ RunTime:0.0000s ]
SQL: SHOW COLUMNS FROM `fecm_bugdata` [ RunTime:0.0040s ]
SQL: SELECT * FROM `fecm_bugdata` ORDER BY id desc  [ RunTime:0.0010s ]
INFO: [ view_parse ] --START--
INFO: [ template_filter ] --START--
INFO: Run Behavior\ContentReplaceBehavior [ RunTime:0.001000s ]
INFO: [ template_filter ] --END-- [ RunTime:0.001000s ]
INFO: Run Behavior\ParseTemplateBehavior [ RunTime:0.012001s ]
INFO: [ view_parse ] --END-- [ RunTime:0.012001s ]
INFO: [ view_filter ] --START--
INFO: Run Behavior\WriteHtmlCacheBehavior [ RunTime:0.001000s ]
INFO: Run Behavior\TokenBuildBehavior [ RunTime:0.001000s ]
INFO: [ view_filter ] --END-- [ RunTime:0.002000s ]
INFO: [ app_end ] --START--
INFO: Run Behavior\ShowPageTraceBehavior [ RunTime:0.001000s ]
INFO: [ app_end ] --END-- [ RunTime:0.001000s ]

[ 2016-03-18T15:51:43+08:00 ] 127.0.0.1 /Api/findVul/id/29
INFO: [ app_init ] --START--
INFO: Run Behavior\BuildLiteBehavior [ RunTime:0.000000s ]
INFO: [ app_init ] --END-- [ RunTime:0.001000s ]
INFO: [ app_begin ] --START--
INFO: Run Behavior\ReadHtmlCacheBehavior [ RunTime:0.001000s ]
INFO: [ app_begin ] --END-- [ RunTime:0.001000s ]
SQL: SHOW COLUMNS FROM `fecm_user` [ RunTime:0.0080s ]
SQL: SELECT * FROM `fecm_user` WHERE ( md5name = "f67541ff7112d31cdeb9c7dc1f6faaa2" ) LIMIT 1   [ RunTime:0.0010s ]
SQL: SHOW COLUMNS FROM `fecm_bugdata` [ RunTime:0.0110s ]
SQL: SELECT * FROM `fecm_bugdata` WHERE ( id = 29 ) LIMIT 1   [ RunTime:0.0010s ]
SQL: SELECT * FROM `fecm_bugdata` WHERE ( id = 29 ) LIMIT 1   [ RunTime:0.0010s ]

[ 2016-03-18T15:51:53+08:00 ] 127.0.0.1 /Details
INFO: [ app_init ] --START--
INFO: Run Behavior\BuildLiteBehavior [ RunTime:0.000000s ]
INFO: [ app_init ] --END-- [ RunTime:0.001000s ]
INFO: [ app_begin ] --START--
INFO: Run Behavior\ReadHtmlCacheBehavior [ RunTime:0.001000s ]
INFO: [ app_begin ] --END-- [ RunTime:0.001000s ]
SQL: SHOW COLUMNS FROM `fecm_user` [ RunTime:0.0140s ]
SQL: SELECT * FROM `fecm_user` WHERE ( md5name = "f67541ff7112d31cdeb9c7dc1f6faaa2" ) LIMIT 1   [ RunTime:0.0010s ]
SQL: SHOW COLUMNS FROM `fecm_bugdata` [ RunTime:0.0070s ]
SQL: SELECT * FROM `fecm_bugdata` ORDER BY id desc  [ RunTime:0.0010s ]
INFO: [ view_parse ] --START--
INFO: [ template_filter ] --START--
INFO: Run Behavior\ContentReplaceBehavior [ RunTime:0.001001s ]
INFO: [ template_filter ] --END-- [ RunTime:0.001001s ]
INFO: Run Behavior\ParseTemplateBehavior [ RunTime:0.012001s ]
INFO: [ view_parse ] --END-- [ RunTime:0.012001s ]
INFO: [ view_filter ] --START--
INFO: Run Behavior\WriteHtmlCacheBehavior [ RunTime:0.001000s ]
INFO: Run Behavior\TokenBuildBehavior [ RunTime:0.001000s ]
INFO: [ view_filter ] --END-- [ RunTime:0.006000s ]
INFO: [ app_end ] --START--
INFO: Run Behavior\ShowPageTraceBehavior [ RunTime:0.002000s ]
INFO: [ app_end ] --END-- [ RunTime:0.002000s ]

[ 2016-03-18T15:51:56+08:00 ] 127.0.0.1 /Api/findVul/id/11
INFO: [ app_init ] --START--
INFO: Run Behavior\BuildLiteBehavior [ RunTime:0.000000s ]
INFO: [ app_init ] --END-- [ RunTime:0.001000s ]
INFO: [ app_begin ] --START--
INFO: Run Behavior\ReadHtmlCacheBehavior [ RunTime:0.001000s ]
INFO: [ app_begin ] --END-- [ RunTime:0.001000s ]
SQL: SHOW COLUMNS FROM `fecm_user` [ RunTime:0.0100s ]
SQL: SELECT * FROM `fecm_user` WHERE ( md5name = "f67541ff7112d31cdeb9c7dc1f6faaa2" ) LIMIT 1   [ RunTime:0.0010s ]
SQL: SHOW COLUMNS FROM `fecm_bugdata` [ RunTime:0.0080s ]
SQL: SELECT * FROM `fecm_bugdata` WHERE ( id = 11 ) LIMIT 1   [ RunTime:0.0010s ]
SQL: SELECT * FROM `fecm_bugdata` WHERE ( id = 11 ) LIMIT 1   [ RunTime:0.0000s ]

[ 2016-03-18T15:52:13+08:00 ] 127.0.0.1 /Api/findVul/id/27
INFO: [ app_init ] --START--
INFO: Run Behavior\BuildLiteBehavior [ RunTime:0.000000s ]
INFO: [ app_init ] --END-- [ RunTime:0.001000s ]
INFO: [ app_begin ] --START--
INFO: Run Behavior\ReadHtmlCacheBehavior [ RunTime:0.001000s ]
INFO: [ app_begin ] --END-- [ RunTime:0.001000s ]
SQL: SHOW COLUMNS FROM `fecm_user` [ RunTime:0.0090s ]
SQL: SELECT * FROM `fecm_user` WHERE ( md5name = "f67541ff7112d31cdeb9c7dc1f6faaa2" ) LIMIT 1   [ RunTime:0.0000s ]
SQL: SHOW COLUMNS FROM `fecm_bugdata` [ RunTime:0.0090s ]
SQL: SELECT * FROM `fecm_bugdata` WHERE ( id = 27 ) LIMIT 1   [ RunTime:0.0010s ]
SQL: SELECT * FROM `fecm_bugdata` WHERE ( id = 27 ) LIMIT 1   [ RunTime:0.0010s ]

[ 2016-03-18T15:52:48+08:00 ] 127.0.0.1 /Details
INFO: [ app_init ] --START--
INFO: Run Behavior\BuildLiteBehavior [ RunTime:0.000000s ]
INFO: [ app_init ] --END-- [ RunTime:0.000000s ]
INFO: [ app_begin ] --START--
INFO: Run Behavior\ReadHtmlCacheBehavior [ RunTime:0.001000s ]
INFO: [ app_begin ] --END-- [ RunTime:0.001000s ]
SQL: SHOW COLUMNS FROM `fecm_user` [ RunTime:0.0060s ]
SQL: SELECT * FROM `fecm_user` WHERE ( md5name = "f67541ff7112d31cdeb9c7dc1f6faaa2" ) LIMIT 1   [ RunTime:0.0010s ]
SQL: SHOW COLUMNS FROM `fecm_bugdata` [ RunTime:0.0060s ]
SQL: SELECT * FROM `fecm_bugdata` ORDER BY id desc  [ RunTime:0.0030s ]
INFO: [ view_parse ] --START--
INFO: [ template_filter ] --START--
INFO: Run Behavior\ContentReplaceBehavior [ RunTime:0.000000s ]
INFO: [ template_filter ] --END-- [ RunTime:0.000000s ]
INFO: Run Behavior\ParseTemplateBehavior [ RunTime:0.011001s ]
INFO: [ view_parse ] --END-- [ RunTime:0.011001s ]
INFO: [ view_filter ] --START--
INFO: Run Behavior\WriteHtmlCacheBehavior [ RunTime:0.000000s ]
INFO: Run Behavior\TokenBuildBehavior [ RunTime:0.001000s ]
INFO: [ view_filter ] --END-- [ RunTime:0.002000s ]
INFO: [ app_end ] --START--
INFO: Run Behavior\ShowPageTraceBehavior [ RunTime:0.001000s ]
INFO: [ app_end ] --END-- [ RunTime:0.001000s ]

[ 2016-03-18T15:52:50+08:00 ] 127.0.0.1 /Api/findVul/id/29
INFO: [ app_init ] --START--
INFO: Run Behavior\BuildLiteBehavior [ RunTime:0.000000s ]
INFO: [ app_init ] --END-- [ RunTime:0.000000s ]
INFO: [ app_begin ] --START--
INFO: Run Behavior\ReadHtmlCacheBehavior [ RunTime:0.001000s ]
INFO: [ app_begin ] --END-- [ RunTime:0.001000s ]
SQL: SHOW COLUMNS FROM `fecm_user` [ RunTime:0.0040s ]
SQL: SELECT * FROM `fecm_user` WHERE ( md5name = "f67541ff7112d31cdeb9c7dc1f6faaa2" ) LIMIT 1   [ RunTime:0.0000s ]
SQL: SHOW COLUMNS FROM `fecm_bugdata` [ RunTime:0.0040s ]
SQL: SELECT * FROM `fecm_bugdata` WHERE ( id = 29 ) LIMIT 1   [ RunTime:0.0000s ]
SQL: SELECT * FROM `fecm_bugdata` WHERE ( id = 29 ) LIMIT 1   [ RunTime:0.0010s ]

[ 2016-03-18T15:53:55+08:00 ] 127.0.0.1 /Details
INFO: [ app_init ] --START--
INFO: Run Behavior\BuildLiteBehavior [ RunTime:0.000000s ]
INFO: [ app_init ] --END-- [ RunTime:0.000000s ]
INFO: [ app_begin ] --START--
INFO: Run Behavior\ReadHtmlCacheBehavior [ RunTime:0.002000s ]
INFO: [ app_begin ] --END-- [ RunTime:0.002000s ]
SQL: SHOW COLUMNS FROM `fecm_user` [ RunTime:0.0060s ]
SQL: SELECT * FROM `fecm_user` WHERE ( md5name = "f67541ff7112d31cdeb9c7dc1f6faaa2" ) LIMIT 1   [ RunTime:0.0010s ]
SQL: SHOW COLUMNS FROM `fecm_bugdata` [ RunTime:0.0050s ]
SQL: SELECT * FROM `fecm_bugdata` ORDER BY id desc  [ RunTime:0.0010s ]
INFO: [ view_parse ] --START--
INFO: [ template_filter ] --START--
INFO: Run Behavior\ContentReplaceBehavior [ RunTime:0.000000s ]
INFO: [ template_filter ] --END-- [ RunTime:0.001000s ]
INFO: Run Behavior\ParseTemplateBehavior [ RunTime:0.017001s ]
INFO: [ view_parse ] --END-- [ RunTime:0.017001s ]
INFO: [ view_filter ] --START--
INFO: Run Behavior\WriteHtmlCacheBehavior [ RunTime:0.001000s ]
INFO: Run Behavior\TokenBuildBehavior [ RunTime:0.000000s ]
INFO: [ view_filter ] --END-- [ RunTime:0.001000s ]
INFO: [ app_end ] --START--
INFO: Run Behavior\ShowPageTraceBehavior [ RunTime:0.001000s ]
INFO: [ app_end ] --END-- [ RunTime:0.001000s ]

[ 2016-03-18T15:53:57+08:00 ] 127.0.0.1 /Api/findVul/id/29
INFO: [ app_init ] --START--
INFO: Run Behavior\BuildLiteBehavior [ RunTime:0.000000s ]
INFO: [ app_init ] --END-- [ RunTime:0.000000s ]
INFO: [ app_begin ] --START--
INFO: Run Behavior\ReadHtmlCacheBehavior [ RunTime:0.001000s ]
INFO: [ app_begin ] --END-- [ RunTime:0.001000s ]
SQL: SHOW COLUMNS FROM `fecm_user` [ RunTime:0.0040s ]
SQL: SELECT * FROM `fecm_user` WHERE ( md5name = "f67541ff7112d31cdeb9c7dc1f6faaa2" ) LIMIT 1   [ RunTime:0.0010s ]
SQL: SHOW COLUMNS FROM `fecm_bugdata` [ RunTime:0.0070s ]
SQL: SELECT * FROM `fecm_bugdata` WHERE ( id = 29 ) LIMIT 1   [ RunTime:0.0010s ]
SQL: SELECT * FROM `fecm_bugdata` WHERE ( id = 29 ) LIMIT 1   [ RunTime:0.0000s ]

[ 2016-03-18T15:57:57+08:00 ] 127.0.0.1 /Api/addVul/category/2
INFO: [ app_init ] --START--
INFO: Run Behavior\BuildLiteBehavior [ RunTime:0.000000s ]
INFO: [ app_init ] --END-- [ RunTime:0.001000s ]
INFO: [ app_begin ] --START--
INFO: Run Behavior\ReadHtmlCacheBehavior [ RunTime:0.001000s ]
INFO: [ app_begin ] --END-- [ RunTime:0.001000s ]
NOTIC: [8] Undefined index: HTTP_X_FORWARDED_FOR E:\WWW\fecm\Application\Home\Controller\ApiController.class.php 第 106 行.
NOTIC: [8] Undefined index: HTTP_CLIENT_IP E:\WWW\fecm\Application\Home\Controller\ApiController.class.php 第 111 行.
NOTIC: [8] Undefined index: cookies E:\WWW\fecm\Application\Home\Controller\ApiController.class.php 第 119 行.
SQL: SHOW COLUMNS FROM `fecm_bugdata` [ RunTime:0.0040s ]
SQL: INSERT INTO `fecm_bugdata` (`category`,`hxff_ip`,`hci_ip`,`ra_ip`,`cookies`,`url`,`ua`,`time`,`fixes`) VALUES ('发现不在白名单里的第三方JavaScript资源','攻击者没有通过代理服务器访问','攻击者数据包头部没有HTTP_CLIENT_IP','127.0.0.1','pgv_pvi=8669731840; PHPSESSID=o5oo44m6agllq4r88p2odpjel4; FECM_uid=f67541ff7112d31cdeb9c7dc1f6faaa2; FECM_flag=c5541ff7e9a7ccff7112d7ccec67b4eaa131655038d6045038dc1969e52d364c58d364c58; ','http://drops.wooyun.org/author/Black_Hole','Mozilla/5.0 (Windows NT 6.1; WOW64) AppleWebKit/537.36 (KHTML, like Gecko) Chrome/46.0.2490.86 Safari/537.36','2016-03-18','0') [ RunTime:0.0000s ]
INFO: [ app_end ] --START--
INFO: Run Behavior\ShowPageTraceBehavior [ RunTime:0.001000s ]
INFO: [ app_end ] --END-- [ RunTime:0.002000s ]

[ 2016-03-18T15:58:04+08:00 ] 127.0.0.1 /Details
INFO: [ app_init ] --START--
INFO: Run Behavior\BuildLiteBehavior [ RunTime:0.000000s ]
INFO: [ app_init ] --END-- [ RunTime:0.000000s ]
INFO: [ app_begin ] --START--
INFO: Run Behavior\ReadHtmlCacheBehavior [ RunTime:0.001000s ]
INFO: [ app_begin ] --END-- [ RunTime:0.001000s ]
SQL: SHOW COLUMNS FROM `fecm_user` [ RunTime:0.0100s ]
SQL: SELECT * FROM `fecm_user` WHERE ( md5name = "f67541ff7112d31cdeb9c7dc1f6faaa2" ) LIMIT 1   [ RunTime:0.0010s ]
SQL: SHOW COLUMNS FROM `fecm_bugdata` [ RunTime:0.0050s ]
SQL: SELECT * FROM `fecm_bugdata` ORDER BY id desc  [ RunTime:0.0600s ]
INFO: [ view_parse ] --START--
INFO: [ template_filter ] --START--
INFO: Run Behavior\ContentReplaceBehavior [ RunTime:0.000000s ]
INFO: [ template_filter ] --END-- [ RunTime:0.000000s ]
INFO: Run Behavior\ParseTemplateBehavior [ RunTime:0.015001s ]
INFO: [ view_parse ] --END-- [ RunTime:0.015001s ]
INFO: [ view_filter ] --START--
INFO: Run Behavior\WriteHtmlCacheBehavior [ RunTime:0.001000s ]
INFO: Run Behavior\TokenBuildBehavior [ RunTime:0.001000s ]
INFO: [ view_filter ] --END-- [ RunTime:0.002000s ]
INFO: [ app_end ] --START--
INFO: Run Behavior\ShowPageTraceBehavior [ RunTime:0.001000s ]
INFO: [ app_end ] --END-- [ RunTime:0.001000s ]

[ 2016-03-18T15:58:09+08:00 ] 127.0.0.1 /Api/findVul/id/30
INFO: [ app_init ] --START--
INFO: Run Behavior\BuildLiteBehavior [ RunTime:0.000000s ]
INFO: [ app_init ] --END-- [ RunTime:0.001001s ]
INFO: [ app_begin ] --START--
INFO: Run Behavior\ReadHtmlCacheBehavior [ RunTime:0.001000s ]
INFO: [ app_begin ] --END-- [ RunTime:0.001000s ]
SQL: SHOW COLUMNS FROM `fecm_user` [ RunTime:0.0040s ]
SQL: SELECT * FROM `fecm_user` WHERE ( md5name = "f67541ff7112d31cdeb9c7dc1f6faaa2" ) LIMIT 1   [ RunTime:0.0010s ]
SQL: SHOW COLUMNS FROM `fecm_bugdata` [ RunTime:0.0040s ]
SQL: SELECT * FROM `fecm_bugdata` WHERE ( id = 30 ) LIMIT 1   [ RunTime:0.0010s ]
SQL: SELECT * FROM `fecm_bugdata` WHERE ( id = 30 ) LIMIT 1   [ RunTime:0.0030s ]

[ 2016-03-18T16:09:04+08:00 ] 127.0.0.1 /Details
INFO: [ app_init ] --START--
INFO: Run Behavior\BuildLiteBehavior [ RunTime:0.000000s ]
INFO: [ app_init ] --END-- [ RunTime:0.001000s ]
INFO: [ app_begin ] --START--
INFO: Run Behavior\ReadHtmlCacheBehavior [ RunTime:0.001000s ]
INFO: [ app_begin ] --END-- [ RunTime:0.001000s ]
SQL: SHOW COLUMNS FROM `fecm_user` [ RunTime:0.0070s ]
SQL: SELECT * FROM `fecm_user` WHERE ( md5name = "f67541ff7112d31cdeb9c7dc1f6faaa2" ) LIMIT 1   [ RunTime:0.0010s ]
SQL: SHOW COLUMNS FROM `fecm_bugdata` [ RunTime:0.0070s ]
SQL: SELECT * FROM `fecm_bugdata` ORDER BY id desc  [ RunTime:0.0010s ]
INFO: [ view_parse ] --START--
INFO: [ template_filter ] --START--
INFO: Run Behavior\ContentReplaceBehavior [ RunTime:0.000000s ]
INFO: [ template_filter ] --END-- [ RunTime:0.000000s ]
INFO: Run Behavior\ParseTemplateBehavior [ RunTime:0.014001s ]
INFO: [ view_parse ] --END-- [ RunTime:0.014001s ]
INFO: [ view_filter ] --START--
INFO: Run Behavior\WriteHtmlCacheBehavior [ RunTime:0.001000s ]
INFO: Run Behavior\TokenBuildBehavior [ RunTime:0.000000s ]
INFO: [ view_filter ] --END-- [ RunTime:0.001000s ]
INFO: [ app_end ] --START--
INFO: Run Behavior\ShowPageTraceBehavior [ RunTime:0.000000s ]
INFO: [ app_end ] --END-- [ RunTime:0.000000s ]

[ 2016-03-18T16:10:41+08:00 ] 127.0.0.1 /Details
INFO: [ app_init ] --START--
INFO: Run Behavior\BuildLiteBehavior [ RunTime:0.000000s ]
INFO: [ app_init ] --END-- [ RunTime:0.001000s ]
INFO: [ app_begin ] --START--
INFO: Run Behavior\ReadHtmlCacheBehavior [ RunTime:0.001000s ]
INFO: [ app_begin ] --END-- [ RunTime:0.001000s ]
SQL: SHOW COLUMNS FROM `fecm_user` [ RunTime:0.0040s ]
SQL: SELECT * FROM `fecm_user` WHERE ( md5name = "f67541ff7112d31cdeb9c7dc1f6faaa2" ) LIMIT 1   [ RunTime:0.0010s ]
SQL: SHOW COLUMNS FROM `fecm_bugdata` [ RunTime:0.0040s ]
SQL: SELECT * FROM `fecm_bugdata` ORDER BY id desc  [ RunTime:0.0010s ]
INFO: [ view_parse ] --START--
INFO: [ template_filter ] --START--
INFO: Run Behavior\ContentReplaceBehavior [ RunTime:0.000000s ]
INFO: [ template_filter ] --END-- [ RunTime:0.000000s ]
INFO: Run Behavior\ParseTemplateBehavior [ RunTime:0.016001s ]
INFO: [ view_parse ] --END-- [ RunTime:0.016001s ]
INFO: [ view_filter ] --START--
INFO: Run Behavior\WriteHtmlCacheBehavior [ RunTime:0.000000s ]
INFO: Run Behavior\TokenBuildBehavior [ RunTime:0.001000s ]
INFO: [ view_filter ] --END-- [ RunTime:0.001000s ]
INFO: [ app_end ] --START--
INFO: Run Behavior\ShowPageTraceBehavior [ RunTime:0.001000s ]
INFO: [ app_end ] --END-- [ RunTime:0.001000s ]

[ 2016-03-18T16:10:45+08:00 ] 127.0.0.1 /Api/findVul/id/30
INFO: [ app_init ] --START--
INFO: Run Behavior\BuildLiteBehavior [ RunTime:0.000000s ]
INFO: [ app_init ] --END-- [ RunTime:0.000000s ]
INFO: [ app_begin ] --START--
INFO: Run Behavior\ReadHtmlCacheBehavior [ RunTime:0.001000s ]
INFO: [ app_begin ] --END-- [ RunTime:0.001000s ]
SQL: SHOW COLUMNS FROM `fecm_user` [ RunTime:0.0060s ]
SQL: SELECT * FROM `fecm_user` WHERE ( md5name = "f67541ff7112d31cdeb9c7dc1f6faaa2" ) LIMIT 1   [ RunTime:0.0000s ]
SQL: SHOW COLUMNS FROM `fecm_bugdata` [ RunTime:0.0070s ]
SQL: SELECT * FROM `fecm_bugdata` WHERE ( id = 30 ) LIMIT 1   [ RunTime:0.0010s ]
SQL: SELECT * FROM `fecm_bugdata` WHERE ( id = 30 ) LIMIT 1   [ RunTime:0.0010s ]

[ 2016-03-18T16:11:22+08:00 ] 127.0.0.1 /Api/findVul/id/30
INFO: [ app_init ] --START--
INFO: Run Behavior\BuildLiteBehavior [ RunTime:0.000000s ]
INFO: [ app_init ] --END-- [ RunTime:0.001000s ]
INFO: [ app_begin ] --START--
INFO: Run Behavior\ReadHtmlCacheBehavior [ RunTime:0.001000s ]
INFO: [ app_begin ] --END-- [ RunTime:0.002000s ]
SQL: SHOW COLUMNS FROM `fecm_user` [ RunTime:0.0120s ]
SQL: SELECT * FROM `fecm_user` WHERE ( md5name = "f67541ff7112d31cdeb9c7dc1f6faaa2" ) LIMIT 1   [ RunTime:0.0010s ]
SQL: SHOW COLUMNS FROM `fecm_bugdata` [ RunTime:0.0090s ]
SQL: SELECT * FROM `fecm_bugdata` WHERE ( id = 30 ) LIMIT 1   [ RunTime:0.0010s ]
SQL: SELECT * FROM `fecm_bugdata` WHERE ( id = 30 ) LIMIT 1   [ RunTime:0.0010s ]

[ 2016-03-18T16:12:48+08:00 ] 127.0.0.1 /Details
INFO: [ app_init ] --START--
INFO: Run Behavior\BuildLiteBehavior [ RunTime:0.000000s ]
INFO: [ app_init ] --END-- [ RunTime:0.000000s ]
INFO: [ app_begin ] --START--
INFO: Run Behavior\ReadHtmlCacheBehavior [ RunTime:0.001000s ]
INFO: [ app_begin ] --END-- [ RunTime:0.001000s ]
SQL: SHOW COLUMNS FROM `fecm_user` [ RunTime:0.0050s ]
SQL: SELECT * FROM `fecm_user` WHERE ( md5name = "f67541ff7112d31cdeb9c7dc1f6faaa2" ) LIMIT 1   [ RunTime:0.0010s ]
SQL: SHOW COLUMNS FROM `fecm_bugdata` [ RunTime:0.0050s ]
SQL: SELECT * FROM `fecm_bugdata` ORDER BY id desc  [ RunTime:0.0010s ]
INFO: [ view_parse ] --START--
INFO: [ template_filter ] --START--
INFO: Run Behavior\ContentReplaceBehavior [ RunTime:0.000000s ]
INFO: [ template_filter ] --END-- [ RunTime:0.000000s ]
INFO: Run Behavior\ParseTemplateBehavior [ RunTime:0.014001s ]
INFO: [ view_parse ] --END-- [ RunTime:0.014001s ]
INFO: [ view_filter ] --START--
INFO: Run Behavior\WriteHtmlCacheBehavior [ RunTime:0.000000s ]
INFO: Run Behavior\TokenBuildBehavior [ RunTime:0.001000s ]
INFO: [ view_filter ] --END-- [ RunTime:0.001000s ]
INFO: [ app_end ] --START--
INFO: Run Behavior\ShowPageTraceBehavior [ RunTime:0.001000s ]
INFO: [ app_end ] --END-- [ RunTime:0.001000s ]

[ 2016-03-18T16:12:50+08:00 ] 127.0.0.1 /Api/findVul/id/30
INFO: [ app_init ] --START--
INFO: Run Behavior\BuildLiteBehavior [ RunTime:0.000000s ]
INFO: [ app_init ] --END-- [ RunTime:0.001000s ]
INFO: [ app_begin ] --START--
INFO: Run Behavior\ReadHtmlCacheBehavior [ RunTime:0.000000s ]
INFO: [ app_begin ] --END-- [ RunTime:0.001000s ]
SQL: SHOW COLUMNS FROM `fecm_user` [ RunTime:0.0040s ]
SQL: SELECT * FROM `fecm_user` WHERE ( md5name = "f67541ff7112d31cdeb9c7dc1f6faaa2" ) LIMIT 1   [ RunTime:0.0010s ]
SQL: SHOW COLUMNS FROM `fecm_bugdata` [ RunTime:0.0040s ]
SQL: SELECT * FROM `fecm_bugdata` WHERE ( id = 30 ) LIMIT 1   [ RunTime:0.0010s ]
SQL: SELECT * FROM `fecm_bugdata` WHERE ( id = 30 ) LIMIT 1   [ RunTime:0.0000s ]

[ 2016-03-18T16:15:29+08:00 ] 127.0.0.1 /Details
INFO: [ app_init ] --START--
INFO: Run Behavior\BuildLiteBehavior [ RunTime:0.000000s ]
INFO: [ app_init ] --END-- [ RunTime:0.001001s ]
INFO: [ app_begin ] --START--
INFO: Run Behavior\ReadHtmlCacheBehavior [ RunTime:0.001000s ]
INFO: [ app_begin ] --END-- [ RunTime:0.001000s ]
SQL: SHOW COLUMNS FROM `fecm_user` [ RunTime:0.0070s ]
SQL: SELECT * FROM `fecm_user` WHERE ( md5name = "f67541ff7112d31cdeb9c7dc1f6faaa2" ) LIMIT 1   [ RunTime:0.0000s ]
SQL: SHOW COLUMNS FROM `fecm_bugdata` [ RunTime:0.0080s ]
SQL: SELECT * FROM `fecm_bugdata` ORDER BY id desc  [ RunTime:0.0010s ]
INFO: [ view_parse ] --START--
INFO: [ template_filter ] --START--
INFO: Run Behavior\ContentReplaceBehavior [ RunTime:0.000000s ]
INFO: [ template_filter ] --END-- [ RunTime:0.000000s ]
INFO: Run Behavior\ParseTemplateBehavior [ RunTime:0.015001s ]
INFO: [ view_parse ] --END-- [ RunTime:0.015001s ]
INFO: [ view_filter ] --START--
INFO: Run Behavior\WriteHtmlCacheBehavior [ RunTime:0.000000s ]
INFO: Run Behavior\TokenBuildBehavior [ RunTime:0.001000s ]
INFO: [ view_filter ] --END-- [ RunTime:0.001000s ]
INFO: [ app_end ] --START--
INFO: Run Behavior\ShowPageTraceBehavior [ RunTime:0.001000s ]
INFO: [ app_end ] --END-- [ RunTime:0.001000s ]

[ 2016-03-18T16:16:45+08:00 ] 127.0.0.1 /Api/findVul/id/30
INFO: [ app_init ] --START--
INFO: Run Behavior\BuildLiteBehavior [ RunTime:0.000000s ]
INFO: [ app_init ] --END-- [ RunTime:0.000000s ]
INFO: [ app_begin ] --START--
INFO: Run Behavior\ReadHtmlCacheBehavior [ RunTime:0.002000s ]
INFO: [ app_begin ] --END-- [ RunTime:0.002000s ]
SQL: SHOW COLUMNS FROM `fecm_user` [ RunTime:0.0130s ]
SQL: SELECT * FROM `fecm_user` WHERE ( md5name = "f67541ff7112d31cdeb9c7dc1f6faaa2" ) LIMIT 1   [ RunTime:0.0050s ]
SQL: SHOW COLUMNS FROM `fecm_bugdata` [ RunTime:0.0100s ]
SQL: SELECT * FROM `fecm_bugdata` WHERE ( id = 30 ) LIMIT 1   [ RunTime:0.0010s ]
SQL: SELECT * FROM `fecm_bugdata` WHERE ( id = 30 ) LIMIT 1   [ RunTime:0.0010s ]

[ 2016-03-18T16:17:00+08:00 ] 127.0.0.1 /Details
INFO: [ app_init ] --START--
INFO: Run Behavior\BuildLiteBehavior [ RunTime:0.000000s ]
INFO: [ app_init ] --END-- [ RunTime:0.000000s ]
INFO: [ app_begin ] --START--
INFO: Run Behavior\ReadHtmlCacheBehavior [ RunTime:0.001000s ]
INFO: [ app_begin ] --END-- [ RunTime:0.001000s ]
SQL: SHOW COLUMNS FROM `fecm_user` [ RunTime:0.0070s ]
SQL: SELECT * FROM `fecm_user` WHERE ( md5name = "f67541ff7112d31cdeb9c7dc1f6faaa2" ) LIMIT 1   [ RunTime:0.0010s ]
SQL: SHOW COLUMNS FROM `fecm_bugdata` [ RunTime:0.0120s ]
SQL: SELECT * FROM `fecm_bugdata` ORDER BY id desc  [ RunTime:0.0000s ]
INFO: [ view_parse ] --START--
INFO: [ template_filter ] --START--
INFO: Run Behavior\ContentReplaceBehavior [ RunTime:0.000000s ]
INFO: [ template_filter ] --END-- [ RunTime:0.000000s ]
INFO: Run Behavior\ParseTemplateBehavior [ RunTime:0.012000s ]
INFO: [ view_parse ] --END-- [ RunTime:0.012000s ]
INFO: [ view_filter ] --START--
INFO: Run Behavior\WriteHtmlCacheBehavior [ RunTime:0.001001s ]
INFO: Run Behavior\TokenBuildBehavior [ RunTime:0.000000s ]
INFO: [ view_filter ] --END-- [ RunTime:0.001001s ]
INFO: [ app_end ] --START--
INFO: Run Behavior\ShowPageTraceBehavior [ RunTime:0.001000s ]
INFO: [ app_end ] --END-- [ RunTime:0.001000s ]

[ 2016-03-18T16:17:03+08:00 ] 127.0.0.1 /Api/findVul/id/30
INFO: [ app_init ] --START--
INFO: Run Behavior\BuildLiteBehavior [ RunTime:0.000000s ]
INFO: [ app_init ] --END-- [ RunTime:0.000000s ]
INFO: [ app_begin ] --START--
INFO: Run Behavior\ReadHtmlCacheBehavior [ RunTime:0.001000s ]
INFO: [ app_begin ] --END-- [ RunTime:0.001000s ]
SQL: SHOW COLUMNS FROM `fecm_user` [ RunTime:0.0070s ]
SQL: SELECT * FROM `fecm_user` WHERE ( md5name = "f67541ff7112d31cdeb9c7dc1f6faaa2" ) LIMIT 1   [ RunTime:0.0000s ]
SQL: SHOW COLUMNS FROM `fecm_bugdata` [ RunTime:0.0060s ]
SQL: SELECT * FROM `fecm_bugdata` WHERE ( id = 30 ) LIMIT 1   [ RunTime:0.0000s ]
SQL: SELECT * FROM `fecm_bugdata` WHERE ( id = 30 ) LIMIT 1   [ RunTime:0.0010s ]

[ 2016-03-18T16:17:22+08:00 ] 127.0.0.1 /Details
INFO: [ app_init ] --START--
INFO: Run Behavior\BuildLiteBehavior [ RunTime:0.000000s ]
INFO: [ app_init ] --END-- [ RunTime:0.001000s ]
INFO: [ app_begin ] --START--
INFO: Run Behavior\ReadHtmlCacheBehavior [ RunTime:0.002000s ]
INFO: [ app_begin ] --END-- [ RunTime:0.002000s ]
SQL: SHOW COLUMNS FROM `fecm_user` [ RunTime:0.0080s ]
SQL: SELECT * FROM `fecm_user` WHERE ( md5name = "f67541ff7112d31cdeb9c7dc1f6faaa2" ) LIMIT 1   [ RunTime:0.0010s ]
SQL: SHOW COLUMNS FROM `fecm_bugdata` [ RunTime:0.0090s ]
SQL: SELECT * FROM `fecm_bugdata` ORDER BY id desc  [ RunTime:0.0020s ]
INFO: [ view_parse ] --START--
INFO: [ template_filter ] --START--
INFO: Run Behavior\ContentReplaceBehavior [ RunTime:0.001000s ]
INFO: [ template_filter ] --END-- [ RunTime:0.001000s ]
INFO: Run Behavior\ParseTemplateBehavior [ RunTime:0.014001s ]
INFO: [ view_parse ] --END-- [ RunTime:0.014001s ]
INFO: [ view_filter ] --START--
INFO: Run Behavior\WriteHtmlCacheBehavior [ RunTime:0.000000s ]
INFO: Run Behavior\TokenBuildBehavior [ RunTime:0.001000s ]
INFO: [ view_filter ] --END-- [ RunTime:0.001000s ]
INFO: [ app_end ] --START--
INFO: Run Behavior\ShowPageTraceBehavior [ RunTime:0.001000s ]
INFO: [ app_end ] --END-- [ RunTime:0.001000s ]

[ 2016-03-18T16:17:25+08:00 ] 127.0.0.1 /Api/findVul/id/30
INFO: [ app_init ] --START--
INFO: Run Behavior\BuildLiteBehavior [ RunTime:0.000000s ]
INFO: [ app_init ] --END-- [ RunTime:0.001000s ]
INFO: [ app_begin ] --START--
INFO: Run Behavior\ReadHtmlCacheBehavior [ RunTime:0.001000s ]
INFO: [ app_begin ] --END-- [ RunTime:0.001000s ]
SQL: SHOW COLUMNS FROM `fecm_user` [ RunTime:0.0080s ]
SQL: SELECT * FROM `fecm_user` WHERE ( md5name = "f67541ff7112d31cdeb9c7dc1f6faaa2" ) LIMIT 1   [ RunTime:0.0010s ]
SQL: SHOW COLUMNS FROM `fecm_bugdata` [ RunTime:0.0070s ]
SQL: SELECT * FROM `fecm_bugdata` WHERE ( id = 30 ) LIMIT 1   [ RunTime:0.0000s ]
SQL: SELECT * FROM `fecm_bugdata` WHERE ( id = 30 ) LIMIT 1   [ RunTime:0.0000s ]

[ 2016-03-18T16:18:16+08:00 ] 127.0.0.1 /Api/addVul/category/2
INFO: [ app_init ] --START--
INFO: Run Behavior\BuildLiteBehavior [ RunTime:0.000000s ]
INFO: [ app_init ] --END-- [ RunTime:0.000000s ]
INFO: [ app_begin ] --START--
INFO: Run Behavior\ReadHtmlCacheBehavior [ RunTime:0.001000s ]
INFO: [ app_begin ] --END-- [ RunTime:0.001000s ]

[ 2016-03-18T16:18:19+08:00 ] 127.0.0.1 /Details
INFO: [ app_init ] --START--
INFO: Run Behavior\BuildLiteBehavior [ RunTime:0.000000s ]
INFO: [ app_init ] --END-- [ RunTime:0.001000s ]
INFO: [ app_begin ] --START--
INFO: Run Behavior\ReadHtmlCacheBehavior [ RunTime:0.001000s ]
INFO: [ app_begin ] --END-- [ RunTime:0.001000s ]
SQL: SHOW COLUMNS FROM `fecm_user` [ RunTime:0.0070s ]
SQL: SELECT * FROM `fecm_user` WHERE ( md5name = "f67541ff7112d31cdeb9c7dc1f6faaa2" ) LIMIT 1   [ RunTime:0.0010s ]
SQL: SHOW COLUMNS FROM `fecm_bugdata` [ RunTime:0.0050s ]
SQL: SELECT * FROM `fecm_bugdata` ORDER BY id desc  [ RunTime:0.0010s ]
INFO: [ view_parse ] --START--
INFO: [ template_filter ] --START--
INFO: Run Behavior\ContentReplaceBehavior [ RunTime:0.000000s ]
INFO: [ template_filter ] --END-- [ RunTime:0.001000s ]
INFO: Run Behavior\ParseTemplateBehavior [ RunTime:0.014001s ]
INFO: [ view_parse ] --END-- [ RunTime:0.014001s ]
INFO: [ view_filter ] --START--
INFO: Run Behavior\WriteHtmlCacheBehavior [ RunTime:0.001000s ]
INFO: Run Behavior\TokenBuildBehavior [ RunTime:0.000000s ]
INFO: [ view_filter ] --END-- [ RunTime:0.001000s ]
INFO: [ app_end ] --START--
INFO: Run Behavior\ShowPageTraceBehavior [ RunTime:0.001000s ]
INFO: [ app_end ] --END-- [ RunTime:0.001000s ]

[ 2016-03-18T16:18:23+08:00 ] 127.0.0.1 /Api/findVul/id/30
INFO: [ app_init ] --START--
INFO: Run Behavior\BuildLiteBehavior [ RunTime:0.000000s ]
INFO: [ app_init ] --END-- [ RunTime:0.000000s ]
INFO: [ app_begin ] --START--
INFO: Run Behavior\ReadHtmlCacheBehavior [ RunTime:0.001000s ]
INFO: [ app_begin ] --END-- [ RunTime:0.001000s ]
SQL: SHOW COLUMNS FROM `fecm_user` [ RunTime:0.0060s ]
SQL: SELECT * FROM `fecm_user` WHERE ( md5name = "f67541ff7112d31cdeb9c7dc1f6faaa2" ) LIMIT 1   [ RunTime:0.0000s ]
SQL: SHOW COLUMNS FROM `fecm_bugdata` [ RunTime:0.0070s ]
SQL: SELECT * FROM `fecm_bugdata` WHERE ( id = 30 ) LIMIT 1   [ RunTime:0.0010s ]
SQL: SELECT * FROM `fecm_bugdata` WHERE ( id = 30 ) LIMIT 1   [ RunTime:0.0010s ]

[ 2016-03-18T16:18:29+08:00 ] 127.0.0.1 /Api/deleteVul/id/30
INFO: [ app_init ] --START--
INFO: Run Behavior\BuildLiteBehavior [ RunTime:0.000000s ]
INFO: [ app_init ] --END-- [ RunTime:0.000000s ]
INFO: [ app_begin ] --START--
INFO: Run Behavior\ReadHtmlCacheBehavior [ RunTime:0.001000s ]
INFO: [ app_begin ] --END-- [ RunTime:0.001000s ]
SQL: SHOW COLUMNS FROM `fecm_user` [ RunTime:0.0040s ]
SQL: SELECT * FROM `fecm_user` WHERE ( md5name = "f67541ff7112d31cdeb9c7dc1f6faaa2" ) LIMIT 1   [ RunTime:0.0000s ]
SQL: SHOW COLUMNS FROM `fecm_bugdata` [ RunTime:0.0050s ]
SQL: SELECT * FROM `fecm_bugdata` WHERE ( id = 30 ) LIMIT 1   [ RunTime:0.0010s ]
SQL: DELETE FROM `fecm_bugdata` WHERE ( id = 30 ) [ RunTime:0.1450s ]

[ 2016-03-18T16:18:30+08:00 ] 127.0.0.1 /Details
INFO: [ app_init ] --START--
INFO: Run Behavior\BuildLiteBehavior [ RunTime:0.000000s ]
INFO: [ app_init ] --END-- [ RunTime:0.001001s ]
INFO: [ app_begin ] --START--
INFO: Run Behavior\ReadHtmlCacheBehavior [ RunTime:0.001000s ]
INFO: [ app_begin ] --END-- [ RunTime:0.001000s ]
SQL: SHOW COLUMNS FROM `fecm_user` [ RunTime:0.0060s ]
SQL: SELECT * FROM `fecm_user` WHERE ( md5name = "f67541ff7112d31cdeb9c7dc1f6faaa2" ) LIMIT 1   [ RunTime:0.0010s ]
SQL: SHOW COLUMNS FROM `fecm_bugdata` [ RunTime:0.0100s ]
SQL: SELECT * FROM `fecm_bugdata` ORDER BY id desc  [ RunTime:0.0010s ]
INFO: [ view_parse ] --START--
INFO: [ template_filter ] --START--
INFO: Run Behavior\ContentReplaceBehavior [ RunTime:0.000000s ]
INFO: [ template_filter ] --END-- [ RunTime:0.000000s ]
INFO: Run Behavior\ParseTemplateBehavior [ RunTime:0.014001s ]
INFO: [ view_parse ] --END-- [ RunTime:0.014001s ]
INFO: [ view_filter ] --START--
INFO: Run Behavior\WriteHtmlCacheBehavior [ RunTime:0.000000s ]
INFO: Run Behavior\TokenBuildBehavior [ RunTime:0.001000s ]
INFO: [ view_filter ] --END-- [ RunTime:0.001000s ]
INFO: [ app_end ] --START--
INFO: Run Behavior\ShowPageTraceBehavior [ RunTime:0.001000s ]
INFO: [ app_end ] --END-- [ RunTime:0.001000s ]

[ 2016-03-18T16:20:00+08:00 ] 127.0.0.1 /Api/addVul/category/2
INFO: [ app_init ] --START--
INFO: Run Behavior\BuildLiteBehavior [ RunTime:0.000000s ]
INFO: [ app_init ] --END-- [ RunTime:0.000000s ]
INFO: [ app_begin ] --START--
INFO: Run Behavior\ReadHtmlCacheBehavior [ RunTime:0.001000s ]
INFO: [ app_begin ] --END-- [ RunTime:0.001000s ]

[ 2016-03-18T16:20:09+08:00 ] 127.0.0.1 /Details
INFO: [ app_init ] --START--
INFO: Run Behavior\BuildLiteBehavior [ RunTime:0.000000s ]
INFO: [ app_init ] --END-- [ RunTime:0.000000s ]
INFO: [ app_begin ] --START--
INFO: Run Behavior\ReadHtmlCacheBehavior [ RunTime:0.001000s ]
INFO: [ app_begin ] --END-- [ RunTime:0.001000s ]
SQL: SHOW COLUMNS FROM `fecm_user` [ RunTime:0.0060s ]
SQL: SELECT * FROM `fecm_user` WHERE ( md5name = "f67541ff7112d31cdeb9c7dc1f6faaa2" ) LIMIT 1   [ RunTime:0.0000s ]
SQL: SHOW COLUMNS FROM `fecm_bugdata` [ RunTime:0.0050s ]
SQL: SELECT * FROM `fecm_bugdata` ORDER BY id desc  [ RunTime:0.0010s ]
INFO: [ view_parse ] --START--
INFO: [ template_filter ] --START--
INFO: Run Behavior\ContentReplaceBehavior [ RunTime:0.000000s ]
INFO: [ template_filter ] --END-- [ RunTime:0.000000s ]
INFO: Run Behavior\ParseTemplateBehavior [ RunTime:0.016001s ]
INFO: [ view_parse ] --END-- [ RunTime:0.016001s ]
INFO: [ view_filter ] --START--
INFO: Run Behavior\WriteHtmlCacheBehavior [ RunTime:0.000000s ]
INFO: Run Behavior\TokenBuildBehavior [ RunTime:0.001000s ]
INFO: [ view_filter ] --END-- [ RunTime:0.001000s ]
INFO: [ app_end ] --START--
INFO: Run Behavior\ShowPageTraceBehavior [ RunTime:0.001000s ]
INFO: [ app_end ] --END-- [ RunTime:0.001000s ]

[ 2016-03-18T16:20:25+08:00 ] 127.0.0.1 /Api/addVul/category/2
INFO: [ app_init ] --START--
INFO: Run Behavior\BuildLiteBehavior [ RunTime:0.000000s ]
INFO: [ app_init ] --END-- [ RunTime:0.001000s ]
INFO: [ app_begin ] --START--
INFO: Run Behavior\ReadHtmlCacheBehavior [ RunTime:0.001000s ]
INFO: [ app_begin ] --END-- [ RunTime:0.001000s ]

[ 2016-03-18T16:20:31+08:00 ] 127.0.0.1 /Details
INFO: [ app_init ] --START--
INFO: Run Behavior\BuildLiteBehavior [ RunTime:0.001000s ]
INFO: [ app_init ] --END-- [ RunTime:0.001000s ]
INFO: [ app_begin ] --START--
INFO: Run Behavior\ReadHtmlCacheBehavior [ RunTime:0.001000s ]
INFO: [ app_begin ] --END-- [ RunTime:0.001000s ]
SQL: SHOW COLUMNS FROM `fecm_user` [ RunTime:0.0040s ]
SQL: SELECT * FROM `fecm_user` WHERE ( md5name = "f67541ff7112d31cdeb9c7dc1f6faaa2" ) LIMIT 1   [ RunTime:0.0000s ]
SQL: SHOW COLUMNS FROM `fecm_bugdata` [ RunTime:0.0040s ]
SQL: SELECT * FROM `fecm_bugdata` ORDER BY id desc  [ RunTime:0.0010s ]
INFO: [ view_parse ] --START--
INFO: [ template_filter ] --START--
INFO: Run Behavior\ContentReplaceBehavior [ RunTime:0.000000s ]
INFO: [ template_filter ] --END-- [ RunTime:0.000000s ]
INFO: Run Behavior\ParseTemplateBehavior [ RunTime:0.013000s ]
INFO: [ view_parse ] --END-- [ RunTime:0.013000s ]
INFO: [ view_filter ] --START--
INFO: Run Behavior\WriteHtmlCacheBehavior [ RunTime:0.000000s ]
INFO: Run Behavior\TokenBuildBehavior [ RunTime:0.001000s ]
INFO: [ view_filter ] --END-- [ RunTime:0.001000s ]
INFO: [ app_end ] --START--
INFO: Run Behavior\ShowPageTraceBehavior [ RunTime:0.001000s ]
INFO: [ app_end ] --END-- [ RunTime:0.002000s ]

[ 2016-03-18T16:21:00+08:00 ] 127.0.0.1 /Api/addVul/category/2/script_url/drops.wooyun.org
INFO: [ app_init ] --START--
INFO: Run Behavior\BuildLiteBehavior [ RunTime:0.000000s ]
INFO: [ app_init ] --END-- [ RunTime:0.003000s ]
INFO: [ app_begin ] --START--
INFO: Run Behavior\ReadHtmlCacheBehavior [ RunTime:0.001000s ]
INFO: [ app_begin ] --END-- [ RunTime:0.002000s ]

[ 2016-03-18T16:21:03+08:00 ] 127.0.0.1 /Details
INFO: [ app_init ] --START--
INFO: Run Behavior\BuildLiteBehavior [ RunTime:0.000000s ]
INFO: [ app_init ] --END-- [ RunTime:0.000000s ]
INFO: [ app_begin ] --START--
INFO: Run Behavior\ReadHtmlCacheBehavior [ RunTime:0.001000s ]
INFO: [ app_begin ] --END-- [ RunTime:0.001000s ]
SQL: SHOW COLUMNS FROM `fecm_user` [ RunTime:0.0040s ]
SQL: SELECT * FROM `fecm_user` WHERE ( md5name = "f67541ff7112d31cdeb9c7dc1f6faaa2" ) LIMIT 1   [ RunTime:0.0010s ]
SQL: SHOW COLUMNS FROM `fecm_bugdata` [ RunTime:0.0040s ]
SQL: SELECT * FROM `fecm_bugdata` ORDER BY id desc  [ RunTime:0.0010s ]
INFO: [ view_parse ] --START--
INFO: [ template_filter ] --START--
INFO: Run Behavior\ContentReplaceBehavior [ RunTime:0.000000s ]
INFO: [ template_filter ] --END-- [ RunTime:0.000000s ]
INFO: Run Behavior\ParseTemplateBehavior [ RunTime:0.015001s ]
INFO: [ view_parse ] --END-- [ RunTime:0.016001s ]
INFO: [ view_filter ] --START--
INFO: Run Behavior\WriteHtmlCacheBehavior [ RunTime:0.001000s ]
INFO: Run Behavior\TokenBuildBehavior [ RunTime:0.000000s ]
INFO: [ view_filter ] --END-- [ RunTime:0.001000s ]
INFO: [ app_end ] --START--
INFO: Run Behavior\ShowPageTraceBehavior [ RunTime:0.001000s ]
INFO: [ app_end ] --END-- [ RunTime:0.001000s ]

[ 2016-03-18T16:21:07+08:00 ] 127.0.0.1 /Details
INFO: [ app_init ] --START--
INFO: Run Behavior\BuildLiteBehavior [ RunTime:0.000000s ]
INFO: [ app_init ] --END-- [ RunTime:0.001000s ]
INFO: [ app_begin ] --START--
INFO: Run Behavior\ReadHtmlCacheBehavior [ RunTime:0.001000s ]
INFO: [ app_begin ] --END-- [ RunTime:0.001000s ]
SQL: SHOW COLUMNS FROM `fecm_user` [ RunTime:0.0040s ]
SQL: SELECT * FROM `fecm_user` WHERE ( md5name = "f67541ff7112d31cdeb9c7dc1f6faaa2" ) LIMIT 1   [ RunTime:0.0000s ]
SQL: SHOW COLUMNS FROM `fecm_bugdata` [ RunTime:0.0050s ]
SQL: SELECT * FROM `fecm_bugdata` ORDER BY id desc  [ RunTime:0.0000s ]
INFO: [ view_parse ] --START--
INFO: [ template_filter ] --START--
INFO: Run Behavior\ContentReplaceBehavior [ RunTime:0.000000s ]
INFO: [ template_filter ] --END-- [ RunTime:0.000000s ]
INFO: Run Behavior\ParseTemplateBehavior [ RunTime:0.013001s ]
INFO: [ view_parse ] --END-- [ RunTime:0.014001s ]
INFO: [ view_filter ] --START--
INFO: Run Behavior\WriteHtmlCacheBehavior [ RunTime:0.000000s ]
INFO: Run Behavior\TokenBuildBehavior [ RunTime:0.001000s ]
INFO: [ view_filter ] --END-- [ RunTime:0.001000s ]
INFO: [ app_end ] --START--
INFO: Run Behavior\ShowPageTraceBehavior [ RunTime:0.001000s ]
INFO: [ app_end ] --END-- [ RunTime:0.001000s ]

[ 2016-03-18T16:21:11+08:00 ] 127.0.0.1 /Api/addVul/category/2
INFO: [ app_init ] --START--
INFO: Run Behavior\BuildLiteBehavior [ RunTime:0.000000s ]
INFO: [ app_init ] --END-- [ RunTime:0.001000s ]
INFO: [ app_begin ] --START--
INFO: Run Behavior\ReadHtmlCacheBehavior [ RunTime:0.001000s ]
INFO: [ app_begin ] --END-- [ RunTime:0.001000s ]

[ 2016-03-18T16:21:17+08:00 ] 127.0.0.1 /Api/addVul/category/2/script_url/drops.wooyun.org
INFO: [ app_init ] --START--
INFO: Run Behavior\BuildLiteBehavior [ RunTime:0.000000s ]
INFO: [ app_init ] --END-- [ RunTime:0.000000s ]
INFO: [ app_begin ] --START--
INFO: Run Behavior\ReadHtmlCacheBehavior [ RunTime:0.001000s ]
INFO: [ app_begin ] --END-- [ RunTime:0.002000s ]

[ 2016-03-18T16:21:27+08:00 ] 127.0.0.1 /Details
INFO: [ app_init ] --START--
INFO: Run Behavior\BuildLiteBehavior [ RunTime:0.000000s ]
INFO: [ app_init ] --END-- [ RunTime:0.001000s ]
INFO: [ app_begin ] --START--
INFO: Run Behavior\ReadHtmlCacheBehavior [ RunTime:0.001000s ]
INFO: [ app_begin ] --END-- [ RunTime:0.001000s ]
SQL: SHOW COLUMNS FROM `fecm_user` [ RunTime:0.0060s ]
SQL: SELECT * FROM `fecm_user` WHERE ( md5name = "f67541ff7112d31cdeb9c7dc1f6faaa2" ) LIMIT 1   [ RunTime:0.0010s ]
SQL: SHOW COLUMNS FROM `fecm_bugdata` [ RunTime:0.0060s ]
SQL: SELECT * FROM `fecm_bugdata` ORDER BY id desc  [ RunTime:0.0010s ]
INFO: [ view_parse ] --START--
INFO: [ template_filter ] --START--
INFO: Run Behavior\ContentReplaceBehavior [ RunTime:0.000000s ]
INFO: [ template_filter ] --END-- [ RunTime:0.000000s ]
INFO: Run Behavior\ParseTemplateBehavior [ RunTime:0.018001s ]
INFO: [ view_parse ] --END-- [ RunTime:0.018001s ]
INFO: [ view_filter ] --START--
INFO: Run Behavior\WriteHtmlCacheBehavior [ RunTime:0.001000s ]
INFO: Run Behavior\TokenBuildBehavior [ RunTime:0.000000s ]
INFO: [ view_filter ] --END-- [ RunTime:0.001000s ]
INFO: [ app_end ] --START--
INFO: Run Behavior\ShowPageTraceBehavior [ RunTime:0.001000s ]
INFO: [ app_end ] --END-- [ RunTime:0.001000s ]

[ 2016-03-18T16:23:09+08:00 ] 127.0.0.1 /Api/addVul/category/2/script_url/%5Bobject%20NodeList%5D
INFO: [ app_init ] --START--
INFO: Run Behavior\BuildLiteBehavior [ RunTime:0.000000s ]
INFO: [ app_init ] --END-- [ RunTime:0.001000s ]
INFO: [ app_begin ] --START--
INFO: Run Behavior\ReadHtmlCacheBehavior [ RunTime:0.002000s ]
INFO: [ app_begin ] --END-- [ RunTime:0.002000s ]

[ 2016-03-18T16:23:12+08:00 ] 127.0.0.1 /Details
INFO: [ app_init ] --START--
INFO: Run Behavior\BuildLiteBehavior [ RunTime:0.000000s ]
INFO: [ app_init ] --END-- [ RunTime:0.001000s ]
INFO: [ app_begin ] --START--
INFO: Run Behavior\ReadHtmlCacheBehavior [ RunTime:0.000000s ]
INFO: [ app_begin ] --END-- [ RunTime:0.000000s ]
SQL: SHOW COLUMNS FROM `fecm_user` [ RunTime:0.0070s ]
SQL: SELECT * FROM `fecm_user` WHERE ( md5name = "f67541ff7112d31cdeb9c7dc1f6faaa2" ) LIMIT 1   [ RunTime:0.0000s ]
SQL: SHOW COLUMNS FROM `fecm_bugdata` [ RunTime:0.0080s ]
SQL: SELECT * FROM `fecm_bugdata` ORDER BY id desc  [ RunTime:0.0010s ]
INFO: [ view_parse ] --START--
INFO: [ template_filter ] --START--
INFO: Run Behavior\ContentReplaceBehavior [ RunTime:0.000000s ]
INFO: [ template_filter ] --END-- [ RunTime:0.000000s ]
INFO: Run Behavior\ParseTemplateBehavior [ RunTime:0.016001s ]
INFO: [ view_parse ] --END-- [ RunTime:0.016001s ]
INFO: [ view_filter ] --START--
INFO: Run Behavior\WriteHtmlCacheBehavior [ RunTime:0.001000s ]
INFO: Run Behavior\TokenBuildBehavior [ RunTime:0.000000s ]
INFO: [ view_filter ] --END-- [ RunTime:0.001000s ]
INFO: [ app_end ] --START--
INFO: Run Behavior\ShowPageTraceBehavior [ RunTime:0.001000s ]
INFO: [ app_end ] --END-- [ RunTime:0.001000s ]

[ 2016-03-18T16:23:18+08:00 ] 127.0.0.1 /Api/addVul/category/2/script_url/%5Bobject%20NodeList%5D
INFO: [ app_init ] --START--
INFO: Run Behavior\BuildLiteBehavior [ RunTime:0.000000s ]
INFO: [ app_init ] --END-- [ RunTime:0.001000s ]
INFO: [ app_begin ] --START--
INFO: Run Behavior\ReadHtmlCacheBehavior [ RunTime:0.000000s ]
INFO: [ app_begin ] --END-- [ RunTime:0.000000s ]

[ 2016-03-18T16:23:28+08:00 ] 127.0.0.1 /Details
INFO: [ app_init ] --START--
INFO: Run Behavior\BuildLiteBehavior [ RunTime:0.000000s ]
INFO: [ app_init ] --END-- [ RunTime:0.000000s ]
INFO: [ app_begin ] --START--
INFO: Run Behavior\ReadHtmlCacheBehavior [ RunTime:0.001000s ]
INFO: [ app_begin ] --END-- [ RunTime:0.001000s ]
SQL: SHOW COLUMNS FROM `fecm_user` [ RunTime:0.0060s ]
SQL: SELECT * FROM `fecm_user` WHERE ( md5name = "f67541ff7112d31cdeb9c7dc1f6faaa2" ) LIMIT 1   [ RunTime:0.0010s ]
SQL: SHOW COLUMNS FROM `fecm_bugdata` [ RunTime:0.0080s ]
SQL: SELECT * FROM `fecm_bugdata` ORDER BY id desc  [ RunTime:0.0010s ]
INFO: [ view_parse ] --START--
INFO: [ template_filter ] --START--
INFO: Run Behavior\ContentReplaceBehavior [ RunTime:0.000000s ]
INFO: [ template_filter ] --END-- [ RunTime:0.000000s ]
INFO: Run Behavior\ParseTemplateBehavior [ RunTime:0.015001s ]
INFO: [ view_parse ] --END-- [ RunTime:0.015001s ]
INFO: [ view_filter ] --START--
INFO: Run Behavior\WriteHtmlCacheBehavior [ RunTime:0.001000s ]
INFO: Run Behavior\TokenBuildBehavior [ RunTime:0.001000s ]
INFO: [ view_filter ] --END-- [ RunTime:0.002000s ]
INFO: [ app_end ] --START--
INFO: Run Behavior\ShowPageTraceBehavior [ RunTime:0.002000s ]
INFO: [ app_end ] --END-- [ RunTime:0.002000s ]

[ 2016-03-18T16:24:30+08:00 ] 127.0.0.1 /Details
INFO: [ app_init ] --START--
INFO: Run Behavior\BuildLiteBehavior [ RunTime:0.000000s ]
INFO: [ app_init ] --END-- [ RunTime:0.000000s ]
INFO: [ app_begin ] --START--
INFO: Run Behavior\ReadHtmlCacheBehavior [ RunTime:0.001000s ]
INFO: [ app_begin ] --END-- [ RunTime:0.001000s ]
SQL: SHOW COLUMNS FROM `fecm_user` [ RunTime:0.0070s ]
SQL: SELECT * FROM `fecm_user` WHERE ( md5name = "f67541ff7112d31cdeb9c7dc1f6faaa2" ) LIMIT 1   [ RunTime:0.0000s ]
SQL: SHOW COLUMNS FROM `fecm_bugdata` [ RunTime:0.0080s ]
SQL: SELECT * FROM `fecm_bugdata` ORDER BY id desc  [ RunTime:0.0010s ]
INFO: [ view_parse ] --START--
INFO: [ template_filter ] --START--
INFO: Run Behavior\ContentReplaceBehavior [ RunTime:0.001000s ]
INFO: [ template_filter ] --END-- [ RunTime:0.001000s ]
INFO: Run Behavior\ParseTemplateBehavior [ RunTime:0.016001s ]
INFO: [ view_parse ] --END-- [ RunTime:0.016001s ]
INFO: [ view_filter ] --START--
INFO: Run Behavior\WriteHtmlCacheBehavior [ RunTime:0.000000s ]
INFO: Run Behavior\TokenBuildBehavior [ RunTime:0.001000s ]
INFO: [ view_filter ] --END-- [ RunTime:0.001000s ]
INFO: [ app_end ] --START--
INFO: Run Behavior\ShowPageTraceBehavior [ RunTime:0.001000s ]
INFO: [ app_end ] --END-- [ RunTime:0.001000s ]

[ 2016-03-18T16:24:37+08:00 ] 127.0.0.1 /Details
INFO: [ app_init ] --START--
INFO: Run Behavior\BuildLiteBehavior [ RunTime:0.000000s ]
INFO: [ app_init ] --END-- [ RunTime:0.001000s ]
INFO: [ app_begin ] --START--
INFO: Run Behavior\ReadHtmlCacheBehavior [ RunTime:0.001000s ]
INFO: [ app_begin ] --END-- [ RunTime:0.001000s ]
SQL: SHOW COLUMNS FROM `fecm_user` [ RunTime:0.0090s ]
SQL: SELECT * FROM `fecm_user` WHERE ( md5name = "f67541ff7112d31cdeb9c7dc1f6faaa2" ) LIMIT 1   [ RunTime:0.0000s ]
SQL: SHOW COLUMNS FROM `fecm_bugdata` [ RunTime:0.0090s ]
SQL: SELECT * FROM `fecm_bugdata` ORDER BY id desc  [ RunTime:0.0010s ]
INFO: [ view_parse ] --START--
INFO: [ template_filter ] --START--
INFO: Run Behavior\ContentReplaceBehavior [ RunTime:0.000000s ]
INFO: [ template_filter ] --END-- [ RunTime:0.000000s ]
INFO: Run Behavior\ParseTemplateBehavior [ RunTime:0.017001s ]
INFO: [ view_parse ] --END-- [ RunTime:0.018001s ]
INFO: [ view_filter ] --START--
INFO: Run Behavior\WriteHtmlCacheBehavior [ RunTime:0.000000s ]
INFO: Run Behavior\TokenBuildBehavior [ RunTime:0.001000s ]
INFO: [ view_filter ] --END-- [ RunTime:0.001000s ]
INFO: [ app_end ] --START--
INFO: Run Behavior\ShowPageTraceBehavior [ RunTime:0.001000s ]
INFO: [ app_end ] --END-- [ RunTime:0.001000s ]

[ 2016-03-18T16:24:41+08:00 ] 127.0.0.1 /Api/addVul/category/2/script_url/%5Bobject%20NodeList%5D
INFO: [ app_init ] --START--
INFO: Run Behavior\BuildLiteBehavior [ RunTime:0.000000s ]
INFO: [ app_init ] --END-- [ RunTime:0.001000s ]
INFO: [ app_begin ] --START--
INFO: Run Behavior\ReadHtmlCacheBehavior [ RunTime:0.001000s ]
INFO: [ app_begin ] --END-- [ RunTime:0.001000s ]

[ 2016-03-18T16:24:54+08:00 ] 127.0.0.1 /Details
INFO: [ app_init ] --START--
INFO: Run Behavior\BuildLiteBehavior [ RunTime:0.000000s ]
INFO: [ app_init ] --END-- [ RunTime:0.000000s ]
INFO: [ app_begin ] --START--
INFO: Run Behavior\ReadHtmlCacheBehavior [ RunTime:0.001000s ]
INFO: [ app_begin ] --END-- [ RunTime:0.001000s ]
SQL: SHOW COLUMNS FROM `fecm_user` [ RunTime:0.0080s ]
SQL: SELECT * FROM `fecm_user` WHERE ( md5name = "f67541ff7112d31cdeb9c7dc1f6faaa2" ) LIMIT 1   [ RunTime:0.0010s ]
SQL: SHOW COLUMNS FROM `fecm_bugdata` [ RunTime:0.0080s ]
SQL: SELECT * FROM `fecm_bugdata` ORDER BY id desc  [ RunTime:0.0010s ]
INFO: [ view_parse ] --START--
INFO: [ template_filter ] --START--
INFO: Run Behavior\ContentReplaceBehavior [ RunTime:0.000000s ]
INFO: [ template_filter ] --END-- [ RunTime:0.000000s ]
INFO: Run Behavior\ParseTemplateBehavior [ RunTime:0.015000s ]
INFO: [ view_parse ] --END-- [ RunTime:0.015000s ]
INFO: [ view_filter ] --START--
INFO: Run Behavior\WriteHtmlCacheBehavior [ RunTime:0.000000s ]
INFO: Run Behavior\TokenBuildBehavior [ RunTime:0.001000s ]
INFO: [ view_filter ] --END-- [ RunTime:0.001000s ]
INFO: [ app_end ] --START--
INFO: Run Behavior\ShowPageTraceBehavior [ RunTime:0.001001s ]
INFO: [ app_end ] --END-- [ RunTime:0.001001s ]

[ 2016-03-18T16:26:04+08:00 ] 127.0.0.1 /Details
INFO: [ app_init ] --START--
INFO: Run Behavior\BuildLiteBehavior [ RunTime:0.000000s ]
INFO: [ app_init ] --END-- [ RunTime:0.001000s ]
INFO: [ app_begin ] --START--
INFO: Run Behavior\ReadHtmlCacheBehavior [ RunTime:0.001000s ]
INFO: [ app_begin ] --END-- [ RunTime:0.001000s ]
SQL: SHOW COLUMNS FROM `fecm_user` [ RunTime:0.0090s ]
SQL: SELECT * FROM `fecm_user` WHERE ( md5name = "f67541ff7112d31cdeb9c7dc1f6faaa2" ) LIMIT 1   [ RunTime:0.0000s ]
SQL: SHOW COLUMNS FROM `fecm_bugdata` [ RunTime:0.0080s ]
SQL: SELECT * FROM `fecm_bugdata` ORDER BY id desc  [ RunTime:0.0010s ]
INFO: [ view_parse ] --START--
INFO: [ template_filter ] --START--
INFO: Run Behavior\ContentReplaceBehavior [ RunTime:0.000000s ]
INFO: [ template_filter ] --END-- [ RunTime:0.000000s ]
INFO: Run Behavior\ParseTemplateBehavior [ RunTime:0.018002s ]
INFO: [ view_parse ] --END-- [ RunTime:0.018002s ]
INFO: [ view_filter ] --START--
INFO: Run Behavior\WriteHtmlCacheBehavior [ RunTime:0.001000s ]
INFO: Run Behavior\TokenBuildBehavior [ RunTime:0.000000s ]
INFO: [ view_filter ] --END-- [ RunTime:0.001000s ]
INFO: [ app_end ] --START--
INFO: Run Behavior\ShowPageTraceBehavior [ RunTime:0.001000s ]
INFO: [ app_end ] --END-- [ RunTime:0.001000s ]

[ 2016-03-18T16:26:14+08:00 ] 127.0.0.1 /Api/addVul/category/2
INFO: [ app_init ] --START--
INFO: Run Behavior\BuildLiteBehavior [ RunTime:0.000000s ]
INFO: [ app_init ] --END-- [ RunTime:0.003000s ]
INFO: [ app_begin ] --START--
INFO: Run Behavior\ReadHtmlCacheBehavior [ RunTime:0.001000s ]
INFO: [ app_begin ] --END-- [ RunTime:0.001000s ]
NOTIC: [8] Undefined index: HTTP_X_FORWARDED_FOR E:\WWW\fecm\Application\Home\Controller\ApiController.class.php 第 106 行.
NOTIC: [8] Undefined index: HTTP_CLIENT_IP E:\WWW\fecm\Application\Home\Controller\ApiController.class.php 第 111 行.
NOTIC: [8] Undefined index: cookies E:\WWW\fecm\Application\Home\Controller\ApiController.class.php 第 119 行.
SQL: SHOW COLUMNS FROM `fecm_bugdata` [ RunTime:0.0060s ]
SQL: INSERT INTO `fecm_bugdata` (`category`,`hxff_ip`,`hci_ip`,`ra_ip`,`cookies`,`url`,`ua`,`time`,`fixes`) VALUES ('发现不在白名单里的第三方JavaScript资源','攻击者没有通过代理服务器访问','攻击者数据包头部没有HTTP_CLIENT_IP','127.0.0.1','pgv_pvi=8669731840; PHPSESSID=o5oo44m6agllq4r88p2odpjel4; FECM_uid=f67541ff7112d31cdeb9c7dc1f6faaa2; FECM_flag=c5541ff7e9a7ccff7112d7ccec67b4eaa131655038d6045038dc1969e52d364c58d364c58; ','http://codeio.cn/defenderXssTest.html','Mozilla/5.0 (Windows NT 6.1; WOW64) AppleWebKit/537.36 (KHTML, like Gecko) Chrome/46.0.2490.86 Safari/537.36','2016-03-18','0') [ RunTime:0.0000s ]
INFO: [ app_end ] --START--
INFO: Run Behavior\ShowPageTraceBehavior [ RunTime:0.001000s ]
INFO: [ app_end ] --END-- [ RunTime:0.001000s ]

[ 2016-03-18T16:26:59+08:00 ] 127.0.0.1 /Api/addVul/category/2
INFO: [ app_init ] --START--
INFO: Run Behavior\BuildLiteBehavior [ RunTime:0.000000s ]
INFO: [ app_init ] --END-- [ RunTime:0.000000s ]
INFO: [ app_begin ] --START--
INFO: Run Behavior\ReadHtmlCacheBehavior [ RunTime:0.000000s ]
INFO: [ app_begin ] --END-- [ RunTime:0.001000s ]
NOTIC: [8] Undefined index: HTTP_X_FORWARDED_FOR E:\WWW\fecm\Application\Home\Controller\ApiController.class.php 第 106 行.
NOTIC: [8] Undefined index: HTTP_CLIENT_IP E:\WWW\fecm\Application\Home\Controller\ApiController.class.php 第 111 行.
NOTIC: [8] Undefined index: cookies E:\WWW\fecm\Application\Home\Controller\ApiController.class.php 第 119 行.
SQL: SHOW COLUMNS FROM `fecm_bugdata` [ RunTime:0.0060s ]
SQL: INSERT INTO `fecm_bugdata` (`category`,`hxff_ip`,`hci_ip`,`ra_ip`,`cookies`,`url`,`ua`,`time`,`fixes`) VALUES ('发现不在白名单里的第三方JavaScript资源','攻击者没有通过代理服务器访问','攻击者数据包头部没有HTTP_CLIENT_IP','127.0.0.1','pgv_pvi=8669731840; PHPSESSID=o5oo44m6agllq4r88p2odpjel4; FECM_uid=f67541ff7112d31cdeb9c7dc1f6faaa2; FECM_flag=c5541ff7e9a7ccff7112d7ccec67b4eaa131655038d6045038dc1969e52d364c58d364c58; ','http://codeio.cn/defenderXssTest.html','Mozilla/5.0 (Windows NT 6.1; WOW64) AppleWebKit/537.36 (KHTML, like Gecko) Chrome/46.0.2490.86 Safari/537.36','2016-03-18','0') [ RunTime:0.0010s ]
INFO: [ app_end ] --START--
INFO: Run Behavior\ShowPageTraceBehavior [ RunTime:0.001000s ]
INFO: [ app_end ] --END-- [ RunTime:0.001000s ]

[ 2016-03-18T16:27:03+08:00 ] 127.0.0.1 /Details
INFO: [ app_init ] --START--
INFO: Run Behavior\BuildLiteBehavior [ RunTime:0.000000s ]
INFO: [ app_init ] --END-- [ RunTime:0.001000s ]
INFO: [ app_begin ] --START--
INFO: Run Behavior\ReadHtmlCacheBehavior [ RunTime:0.001000s ]
INFO: [ app_begin ] --END-- [ RunTime:0.001000s ]
SQL: SHOW COLUMNS FROM `fecm_user` [ RunTime:0.0080s ]
SQL: SELECT * FROM `fecm_user` WHERE ( md5name = "f67541ff7112d31cdeb9c7dc1f6faaa2" ) LIMIT 1   [ RunTime:0.0010s ]
SQL: SHOW COLUMNS FROM `fecm_bugdata` [ RunTime:0.0130s ]
SQL: SELECT * FROM `fecm_bugdata` ORDER BY id desc  [ RunTime:0.0010s ]
INFO: [ view_parse ] --START--
INFO: [ template_filter ] --START--
INFO: Run Behavior\ContentReplaceBehavior [ RunTime:0.001000s ]
INFO: [ template_filter ] --END-- [ RunTime:0.001000s ]
INFO: Run Behavior\ParseTemplateBehavior [ RunTime:0.012001s ]
INFO: [ view_parse ] --END-- [ RunTime:0.012001s ]
INFO: [ view_filter ] --START--
INFO: Run Behavior\WriteHtmlCacheBehavior [ RunTime:0.000000s ]
INFO: Run Behavior\TokenBuildBehavior [ RunTime:0.001000s ]
INFO: [ view_filter ] --END-- [ RunTime:0.001000s ]
INFO: [ app_end ] --START--
INFO: Run Behavior\ShowPageTraceBehavior [ RunTime:0.001000s ]
INFO: [ app_end ] --END-- [ RunTime:0.001000s ]

[ 2016-03-18T16:27:05+08:00 ] 127.0.0.1 /Api/findVul/id/32
INFO: [ app_init ] --START--
INFO: Run Behavior\BuildLiteBehavior [ RunTime:0.000000s ]
INFO: [ app_init ] --END-- [ RunTime:0.000000s ]
INFO: [ app_begin ] --START--
INFO: Run Behavior\ReadHtmlCacheBehavior [ RunTime:0.001000s ]
INFO: [ app_begin ] --END-- [ RunTime:0.001000s ]
SQL: SHOW COLUMNS FROM `fecm_user` [ RunTime:0.0250s ]
SQL: SELECT * FROM `fecm_user` WHERE ( md5name = "f67541ff7112d31cdeb9c7dc1f6faaa2" ) LIMIT 1   [ RunTime:0.0000s ]
SQL: SHOW COLUMNS FROM `fecm_bugdata` [ RunTime:0.0070s ]
SQL: SELECT * FROM `fecm_bugdata` WHERE ( id = 32 ) LIMIT 1   [ RunTime:0.0010s ]
SQL: SELECT * FROM `fecm_bugdata` WHERE ( id = 32 ) LIMIT 1   [ RunTime:0.0000s ]

[ 2016-03-18T16:34:06+08:00 ] 127.0.0.1 /Api/findVul/id/32
INFO: [ app_init ] --START--
INFO: Run Behavior\BuildLiteBehavior [ RunTime:0.000000s ]
INFO: [ app_init ] --END-- [ RunTime:0.001000s ]
INFO: [ app_begin ] --START--
INFO: Run Behavior\ReadHtmlCacheBehavior [ RunTime:0.001000s ]
INFO: [ app_begin ] --END-- [ RunTime:0.001000s ]
SQL: SHOW COLUMNS FROM `fecm_user` [ RunTime:0.0080s ]
SQL: SELECT * FROM `fecm_user` WHERE ( md5name = "f67541ff7112d31cdeb9c7dc1f6faaa2" ) LIMIT 1   [ RunTime:0.0000s ]
SQL: SHOW COLUMNS FROM `fecm_bugdata` [ RunTime:0.0070s ]
SQL: SELECT * FROM `fecm_bugdata` WHERE ( id = 32 ) LIMIT 1   [ RunTime:0.0010s ]
SQL: SELECT * FROM `fecm_bugdata` WHERE ( id = 32 ) LIMIT 1   [ RunTime:0.0000s ]

[ 2016-03-18T16:34:32+08:00 ] 127.0.0.1 /Api/findVul/id/32
INFO: [ app_init ] --START--
INFO: Run Behavior\BuildLiteBehavior [ RunTime:0.000000s ]
INFO: [ app_init ] --END-- [ RunTime:0.001000s ]
INFO: [ app_begin ] --START--
INFO: Run Behavior\ReadHtmlCacheBehavior [ RunTime:0.002001s ]
INFO: [ app_begin ] --END-- [ RunTime:0.002001s ]
SQL: SHOW COLUMNS FROM `fecm_user` [ RunTime:0.0090s ]
SQL: SELECT * FROM `fecm_user` WHERE ( md5name = "f67541ff7112d31cdeb9c7dc1f6faaa2" ) LIMIT 1   [ RunTime:0.0010s ]
SQL: SHOW COLUMNS FROM `fecm_bugdata` [ RunTime:0.0080s ]
SQL: SELECT * FROM `fecm_bugdata` WHERE ( id = 32 ) LIMIT 1   [ RunTime:0.0000s ]
SQL: SELECT * FROM `fecm_bugdata` WHERE ( id = 32 ) LIMIT 1   [ RunTime:0.0000s ]

